2025-09-25 19:52:42 [main] INFO  yellow.iblog.IBlogApplication-Starting IBlogApplication using Java 21.0.7 with PID 60242 (/Users/emily/JavaProjects/iBlog/target/classes started by emily in /Users/emily/JavaProjects/iBlog)
2025-09-25 19:52:42 [main] INFO  yellow.iblog.IBlogApplication-No active profile set, falling back to 1 default profile: "default"
2025-09-25 19:52:42 [main] INFO  o.s.d.r.config.RepositoryConfigurationDelegate-Multiple Spring Data modules found, entering strict repository configuration mode
2025-09-25 19:52:42 [main] INFO  o.s.d.r.config.RepositoryConfigurationDelegate-Bootstrapping Spring Data Redis repositories in DEFAULT mode.
2025-09-25 19:52:42 [main] INFO  o.s.d.r.config.RepositoryConfigurationDelegate-Finished Spring Data repository scanning in 5 ms. Found 0 Redis repository interfaces.
2025-09-25 19:52:43 [main] INFO  o.s.boot.web.embedded.tomcat.TomcatWebServer-Tomcat initialized with port 8080 (http)
2025-09-25 19:52:43 [main] INFO  org.apache.coyote.http11.Http11NioProtocol-Initializing ProtocolHandler ["http-nio-8080"]
2025-09-25 19:52:43 [main] INFO  org.apache.catalina.core.StandardService-Starting service [Tomcat]
2025-09-25 19:52:43 [main] INFO  org.apache.catalina.core.StandardEngine-Starting Servlet engine: [Apache Tomcat/10.1.44]
2025-09-25 19:52:43 [main] INFO  o.a.c.core.ContainerBase.[Tomcat].[localhost].[/]-Initializing Spring embedded WebApplicationContext
2025-09-25 19:52:43 [main] INFO  o.s.b.w.s.c.ServletWebServerApplicationContext-Root WebApplicationContext: initialization completed in 692 ms
2025-09-25 19:52:43 [main] INFO  yellow.iblog.config.PageConfig-分页插件已加载
2025-09-25 19:52:43 [main] INFO  o.s.b.actuate.endpoint.web.EndpointLinksResolver-Exposing 1 endpoint beneath base path '/actuator'
2025-09-25 19:52:44 [main] INFO  org.apache.coyote.http11.Http11NioProtocol-Starting ProtocolHandler ["http-nio-8080"]
2025-09-25 19:52:44 [main] INFO  o.s.boot.web.embedded.tomcat.TomcatWebServer-Tomcat started on port 8080 (http) with context path '/'
2025-09-25 19:52:44 [main] INFO  yellow.iblog.IBlogApplication-Started IBlogApplication in 2.019 seconds (process running for 2.291)
2025-09-25 19:52:44 [main] INFO  yellow.iblog.IBlogApplication-系统已经启动，访问地址http://127.0.0.1:8080
2025-09-25 19:52:44 [RMI TCP Connection(1)-127.0.0.1] INFO  com.zaxxer.hikari.HikariDataSource-HikariPool-1 - Starting...
2025-09-25 19:52:44 [RMI TCP Connection(3)-127.0.0.1] INFO  o.a.c.core.ContainerBase.[Tomcat].[localhost].[/]-Initializing Spring DispatcherServlet 'dispatcherServlet'
2025-09-25 19:52:44 [RMI TCP Connection(3)-127.0.0.1] INFO  org.springframework.web.servlet.DispatcherServlet-Initializing Servlet 'dispatcherServlet'
2025-09-25 19:52:44 [RMI TCP Connection(3)-127.0.0.1] INFO  org.springframework.web.servlet.DispatcherServlet-Completed initialization in 2 ms
2025-09-25 19:52:44 [RMI TCP Connection(1)-127.0.0.1] INFO  com.zaxxer.hikari.pool.HikariPool-HikariPool-1 - Added connection com.mysql.cj.jdbc.ConnectionImpl@538f89e4
2025-09-25 19:52:44 [RMI TCP Connection(1)-127.0.0.1] INFO  com.zaxxer.hikari.HikariDataSource-HikariPool-1 - Start completed.
2025-09-25 19:55:12 [http-nio-8080-exec-1] INFO  yellow.iblog.Controller.UserC-用户1103登陆成功
2025-09-25 19:56:36 [SpringApplicationShutdownHook] INFO  o.s.boot.web.embedded.tomcat.GracefulShutdown-Commencing graceful shutdown. Waiting for active requests to complete
2025-09-25 19:56:38 [tomcat-shutdown] INFO  o.s.boot.web.embedded.tomcat.GracefulShutdown-Graceful shutdown complete
2025-09-25 19:56:38 [SpringApplicationShutdownHook] INFO  com.zaxxer.hikari.HikariDataSource-HikariPool-1 - Shutdown initiated...
2025-09-25 19:56:38 [SpringApplicationShutdownHook] INFO  com.zaxxer.hikari.HikariDataSource-HikariPool-1 - Shutdown completed.
2025-09-25 19:57:10 [main] INFO  yellow.iblog.IBlogApplication-Starting IBlogApplication using Java 21.0.7 with PID 60324 (/Users/emily/JavaProjects/iBlog/target/classes started by emily in /Users/emily/JavaProjects/iBlog)
2025-09-25 19:57:10 [main] INFO  yellow.iblog.IBlogApplication-No active profile set, falling back to 1 default profile: "default"
2025-09-25 19:57:10 [main] INFO  o.s.d.r.config.RepositoryConfigurationDelegate-Multiple Spring Data modules found, entering strict repository configuration mode
2025-09-25 19:57:10 [main] INFO  o.s.d.r.config.RepositoryConfigurationDelegate-Bootstrapping Spring Data Redis repositories in DEFAULT mode.
2025-09-25 19:57:10 [main] INFO  o.s.d.r.config.RepositoryConfigurationDelegate-Finished Spring Data repository scanning in 5 ms. Found 0 Redis repository interfaces.
2025-09-25 19:57:11 [main] INFO  o.s.boot.web.embedded.tomcat.TomcatWebServer-Tomcat initialized with port 8080 (http)
2025-09-25 19:57:11 [main] INFO  org.apache.coyote.http11.Http11NioProtocol-Initializing ProtocolHandler ["http-nio-8080"]
2025-09-25 19:57:11 [main] INFO  org.apache.catalina.core.StandardService-Starting service [Tomcat]
2025-09-25 19:57:11 [main] INFO  org.apache.catalina.core.StandardEngine-Starting Servlet engine: [Apache Tomcat/10.1.44]
2025-09-25 19:57:11 [main] INFO  o.a.c.core.ContainerBase.[Tomcat].[localhost].[/]-Initializing Spring embedded WebApplicationContext
2025-09-25 19:57:11 [main] INFO  o.s.b.w.s.c.ServletWebServerApplicationContext-Root WebApplicationContext: initialization completed in 590 ms
2025-09-25 19:57:11 [main] INFO  yellow.iblog.config.PageConfig-分页插件已加载
2025-09-25 19:57:11 [main] INFO  o.s.b.actuate.endpoint.web.EndpointLinksResolver-Exposing 1 endpoint beneath base path '/actuator'
2025-09-25 19:57:11 [main] INFO  org.apache.coyote.http11.Http11NioProtocol-Starting ProtocolHandler ["http-nio-8080"]
2025-09-25 19:57:11 [main] INFO  o.s.boot.web.embedded.tomcat.TomcatWebServer-Tomcat started on port 8080 (http) with context path '/'
2025-09-25 19:57:11 [main] INFO  yellow.iblog.IBlogApplication-Started IBlogApplication in 1.518 seconds (process running for 1.727)
2025-09-25 19:57:11 [main] INFO  yellow.iblog.IBlogApplication-系统已经启动，访问地址http://127.0.0.1:8080
2025-09-25 19:57:12 [RMI TCP Connection(4)-127.0.0.1] INFO  com.zaxxer.hikari.HikariDataSource-HikariPool-1 - Starting...
2025-09-25 19:57:12 [RMI TCP Connection(1)-127.0.0.1] INFO  o.a.c.core.ContainerBase.[Tomcat].[localhost].[/]-Initializing Spring DispatcherServlet 'dispatcherServlet'
2025-09-25 19:57:12 [RMI TCP Connection(1)-127.0.0.1] INFO  org.springframework.web.servlet.DispatcherServlet-Initializing Servlet 'dispatcherServlet'
2025-09-25 19:57:12 [RMI TCP Connection(1)-127.0.0.1] INFO  org.springframework.web.servlet.DispatcherServlet-Completed initialization in 1 ms
2025-09-25 19:57:12 [RMI TCP Connection(4)-127.0.0.1] INFO  com.zaxxer.hikari.pool.HikariPool-HikariPool-1 - Added connection com.mysql.cj.jdbc.ConnectionImpl@7d84e0d3
2025-09-25 19:57:12 [RMI TCP Connection(4)-127.0.0.1] INFO  com.zaxxer.hikari.HikariDataSource-HikariPool-1 - Start completed.
2025-09-25 19:57:41 [http-nio-8080-exec-2] ERROR yellow.iblog.exception.GlobalExceptionHandler-数据库完整性约束异常：必填字段值为空，或者字段值类型不匹配,或重复插入
### Error updating database.  Cause: java.sql.SQLException: Field 'tid' doesn't have a default value
### The error may exist in yellow/iblog/mapper/TagMapper.java (best guess)
### The error may involve yellow.iblog.mapper.TagMapper.insert-Inline
### The error occurred while setting parameters
### SQL: INSERT INTO tags  ( tag_name )  VALUES (  ?  )
### Cause: java.sql.SQLException: Field 'tid' doesn't have a default value
; Field 'tid' doesn't have a default value
2025-09-25 19:57:49 [SpringApplicationShutdownHook] INFO  o.s.boot.web.embedded.tomcat.GracefulShutdown-Commencing graceful shutdown. Waiting for active requests to complete
2025-09-25 19:57:51 [tomcat-shutdown] INFO  o.s.boot.web.embedded.tomcat.GracefulShutdown-Graceful shutdown complete
2025-09-25 19:57:51 [SpringApplicationShutdownHook] INFO  com.zaxxer.hikari.HikariDataSource-HikariPool-1 - Shutdown initiated...
2025-09-25 19:57:51 [SpringApplicationShutdownHook] INFO  com.zaxxer.hikari.HikariDataSource-HikariPool-1 - Shutdown completed.
2025-09-25 19:59:03 [main] INFO  yellow.iblog.IBlogApplication-Starting IBlogApplication using Java 21.0.7 with PID 60415 (/Users/emily/JavaProjects/iBlog/target/classes started by emily in /Users/emily/JavaProjects/iBlog)
2025-09-25 19:59:03 [main] INFO  yellow.iblog.IBlogApplication-No active profile set, falling back to 1 default profile: "default"
2025-09-25 19:59:03 [main] INFO  o.s.d.r.config.RepositoryConfigurationDelegate-Multiple Spring Data modules found, entering strict repository configuration mode
2025-09-25 19:59:03 [main] INFO  o.s.d.r.config.RepositoryConfigurationDelegate-Bootstrapping Spring Data Redis repositories in DEFAULT mode.
2025-09-25 19:59:03 [main] INFO  o.s.d.r.config.RepositoryConfigurationDelegate-Finished Spring Data repository scanning in 5 ms. Found 0 Redis repository interfaces.
2025-09-25 19:59:04 [main] INFO  o.s.boot.web.embedded.tomcat.TomcatWebServer-Tomcat initialized with port 8080 (http)
2025-09-25 19:59:04 [main] INFO  org.apache.coyote.http11.Http11NioProtocol-Initializing ProtocolHandler ["http-nio-8080"]
2025-09-25 19:59:04 [main] INFO  org.apache.catalina.core.StandardService-Starting service [Tomcat]
2025-09-25 19:59:04 [main] INFO  org.apache.catalina.core.StandardEngine-Starting Servlet engine: [Apache Tomcat/10.1.44]
2025-09-25 19:59:04 [main] INFO  o.a.c.core.ContainerBase.[Tomcat].[localhost].[/]-Initializing Spring embedded WebApplicationContext
2025-09-25 19:59:04 [main] INFO  o.s.b.w.s.c.ServletWebServerApplicationContext-Root WebApplicationContext: initialization completed in 570 ms
2025-09-25 19:59:04 [main] INFO  yellow.iblog.config.PageConfig-分页插件已加载
2025-09-25 19:59:04 [main] INFO  o.s.b.actuate.endpoint.web.EndpointLinksResolver-Exposing 1 endpoint beneath base path '/actuator'
2025-09-25 19:59:04 [main] INFO  org.apache.coyote.http11.Http11NioProtocol-Starting ProtocolHandler ["http-nio-8080"]
2025-09-25 19:59:04 [main] INFO  o.s.boot.web.embedded.tomcat.TomcatWebServer-Tomcat started on port 8080 (http) with context path '/'
2025-09-25 19:59:04 [main] INFO  yellow.iblog.IBlogApplication-Started IBlogApplication in 1.504 seconds (process running for 1.71)
2025-09-25 19:59:04 [main] INFO  yellow.iblog.IBlogApplication-系统已经启动，访问地址http://127.0.0.1:8080
2025-09-25 19:59:05 [RMI TCP Connection(3)-127.0.0.1] INFO  com.zaxxer.hikari.HikariDataSource-HikariPool-1 - Starting...
2025-09-25 19:59:05 [RMI TCP Connection(2)-127.0.0.1] INFO  o.a.c.core.ContainerBase.[Tomcat].[localhost].[/]-Initializing Spring DispatcherServlet 'dispatcherServlet'
2025-09-25 19:59:05 [RMI TCP Connection(2)-127.0.0.1] INFO  org.springframework.web.servlet.DispatcherServlet-Initializing Servlet 'dispatcherServlet'
2025-09-25 19:59:05 [RMI TCP Connection(2)-127.0.0.1] INFO  org.springframework.web.servlet.DispatcherServlet-Completed initialization in 1 ms
2025-09-25 19:59:05 [RMI TCP Connection(3)-127.0.0.1] INFO  com.zaxxer.hikari.pool.HikariPool-HikariPool-1 - Added connection com.mysql.cj.jdbc.ConnectionImpl@7dcdefb8
2025-09-25 19:59:05 [RMI TCP Connection(3)-127.0.0.1] INFO  com.zaxxer.hikari.HikariDataSource-HikariPool-1 - Start completed.
2025-09-25 19:59:05 [SpringApplicationShutdownHook] INFO  o.s.boot.web.embedded.tomcat.GracefulShutdown-Commencing graceful shutdown. Waiting for active requests to complete
2025-09-25 19:59:07 [tomcat-shutdown] INFO  o.s.boot.web.embedded.tomcat.GracefulShutdown-Graceful shutdown complete
2025-09-25 19:59:07 [SpringApplicationShutdownHook] INFO  com.zaxxer.hikari.HikariDataSource-HikariPool-1 - Shutdown initiated...
2025-09-25 19:59:07 [SpringApplicationShutdownHook] INFO  com.zaxxer.hikari.HikariDataSource-HikariPool-1 - Shutdown completed.
2025-09-25 19:59:24 [main] INFO  yellow.iblog.IBlogApplication-Starting IBlogApplication using Java 21.0.7 with PID 60427 (/Users/emily/JavaProjects/iBlog/target/classes started by emily in /Users/emily/JavaProjects/iBlog)
2025-09-25 19:59:24 [main] INFO  yellow.iblog.IBlogApplication-No active profile set, falling back to 1 default profile: "default"
2025-09-25 19:59:24 [main] INFO  o.s.d.r.config.RepositoryConfigurationDelegate-Multiple Spring Data modules found, entering strict repository configuration mode
2025-09-25 19:59:24 [main] INFO  o.s.d.r.config.RepositoryConfigurationDelegate-Bootstrapping Spring Data Redis repositories in DEFAULT mode.
2025-09-25 19:59:24 [main] INFO  o.s.d.r.config.RepositoryConfigurationDelegate-Finished Spring Data repository scanning in 4 ms. Found 0 Redis repository interfaces.
2025-09-25 19:59:24 [main] INFO  o.s.boot.web.embedded.tomcat.TomcatWebServer-Tomcat initialized with port 8080 (http)
2025-09-25 19:59:24 [main] INFO  org.apache.coyote.http11.Http11NioProtocol-Initializing ProtocolHandler ["http-nio-8080"]
2025-09-25 19:59:24 [main] INFO  org.apache.catalina.core.StandardService-Starting service [Tomcat]
2025-09-25 19:59:24 [main] INFO  org.apache.catalina.core.StandardEngine-Starting Servlet engine: [Apache Tomcat/10.1.44]
2025-09-25 19:59:24 [main] INFO  o.a.c.core.ContainerBase.[Tomcat].[localhost].[/]-Initializing Spring embedded WebApplicationContext
2025-09-25 19:59:24 [main] INFO  o.s.b.w.s.c.ServletWebServerApplicationContext-Root WebApplicationContext: initialization completed in 523 ms
2025-09-25 19:59:24 [main] INFO  yellow.iblog.config.PageConfig-分页插件已加载
2025-09-25 19:59:25 [main] INFO  o.s.b.actuate.endpoint.web.EndpointLinksResolver-Exposing 1 endpoint beneath base path '/actuator'
2025-09-25 19:59:25 [main] INFO  org.apache.coyote.http11.Http11NioProtocol-Starting ProtocolHandler ["http-nio-8080"]
2025-09-25 19:59:25 [main] INFO  o.s.boot.web.embedded.tomcat.TomcatWebServer-Tomcat started on port 8080 (http) with context path '/'
2025-09-25 19:59:25 [main] INFO  yellow.iblog.IBlogApplication-Started IBlogApplication in 1.418 seconds (process running for 1.604)
2025-09-25 19:59:25 [main] INFO  yellow.iblog.IBlogApplication-系统已经启动，访问地址http://127.0.0.1:8080
2025-09-25 19:59:25 [RMI TCP Connection(2)-127.0.0.1] INFO  o.a.c.core.ContainerBase.[Tomcat].[localhost].[/]-Initializing Spring DispatcherServlet 'dispatcherServlet'
2025-09-25 19:59:25 [RMI TCP Connection(2)-127.0.0.1] INFO  org.springframework.web.servlet.DispatcherServlet-Initializing Servlet 'dispatcherServlet'
2025-09-25 19:59:25 [RMI TCP Connection(4)-127.0.0.1] INFO  com.zaxxer.hikari.HikariDataSource-HikariPool-1 - Starting...
2025-09-25 19:59:25 [RMI TCP Connection(2)-127.0.0.1] INFO  org.springframework.web.servlet.DispatcherServlet-Completed initialization in 1 ms
2025-09-25 19:59:25 [RMI TCP Connection(4)-127.0.0.1] INFO  com.zaxxer.hikari.pool.HikariPool-HikariPool-1 - Added connection com.mysql.cj.jdbc.ConnectionImpl@78b3d529
2025-09-25 19:59:25 [RMI TCP Connection(4)-127.0.0.1] INFO  com.zaxxer.hikari.HikariDataSource-HikariPool-1 - Start completed.
2025-09-25 19:59:37 [http-nio-8080-exec-2] INFO  yellow.iblog.service.TagServiceImpl-创建了 tag: thh
2025-09-25 20:01:11 [SpringApplicationShutdownHook] INFO  o.s.boot.web.embedded.tomcat.GracefulShutdown-Commencing graceful shutdown. Waiting for active requests to complete
2025-09-25 20:01:13 [tomcat-shutdown] INFO  o.s.boot.web.embedded.tomcat.GracefulShutdown-Graceful shutdown complete
2025-09-25 20:01:13 [SpringApplicationShutdownHook] INFO  com.zaxxer.hikari.HikariDataSource-HikariPool-1 - Shutdown initiated...
2025-09-25 20:01:13 [SpringApplicationShutdownHook] INFO  com.zaxxer.hikari.HikariDataSource-HikariPool-1 - Shutdown completed.
2025-09-25 20:48:47 [main] INFO  yellow.iblog.IBlogApplication-Starting IBlogApplication using Java 21.0.7 with PID 60981 (/Users/emily/JavaProjects/iBlog/target/classes started by emily in /Users/emily/JavaProjects/iBlog)
2025-09-25 20:48:47 [main] INFO  yellow.iblog.IBlogApplication-No active profile set, falling back to 1 default profile: "default"
2025-09-25 20:48:48 [main] INFO  o.s.d.r.config.RepositoryConfigurationDelegate-Multiple Spring Data modules found, entering strict repository configuration mode
2025-09-25 20:48:48 [main] INFO  o.s.d.r.config.RepositoryConfigurationDelegate-Bootstrapping Spring Data Redis repositories in DEFAULT mode.
2025-09-25 20:48:48 [main] INFO  o.s.d.r.config.RepositoryConfigurationDelegate-Finished Spring Data repository scanning in 5 ms. Found 0 Redis repository interfaces.
2025-09-25 20:48:48 [main] INFO  o.s.boot.web.embedded.tomcat.TomcatWebServer-Tomcat initialized with port 8080 (http)
2025-09-25 20:48:48 [main] INFO  org.apache.coyote.http11.Http11NioProtocol-Initializing ProtocolHandler ["http-nio-8080"]
2025-09-25 20:48:48 [main] INFO  org.apache.catalina.core.StandardService-Starting service [Tomcat]
2025-09-25 20:48:48 [main] INFO  org.apache.catalina.core.StandardEngine-Starting Servlet engine: [Apache Tomcat/10.1.44]
2025-09-25 20:48:48 [main] INFO  o.a.c.core.ContainerBase.[Tomcat].[localhost].[/]-Initializing Spring embedded WebApplicationContext
2025-09-25 20:48:48 [main] INFO  o.s.b.w.s.c.ServletWebServerApplicationContext-Root WebApplicationContext: initialization completed in 571 ms
2025-09-25 20:48:48 [main] INFO  yellow.iblog.config.PageConfig-分页插件已加载
2025-09-25 20:48:48 [main] INFO  o.s.b.actuate.endpoint.web.EndpointLinksResolver-Exposing 1 endpoint beneath base path '/actuator'
2025-09-25 20:48:49 [main] INFO  org.apache.coyote.http11.Http11NioProtocol-Starting ProtocolHandler ["http-nio-8080"]
2025-09-25 20:48:49 [main] INFO  o.s.boot.web.embedded.tomcat.TomcatWebServer-Tomcat started on port 8080 (http) with context path '/'
2025-09-25 20:48:49 [main] INFO  yellow.iblog.IBlogApplication-Started IBlogApplication in 1.5 seconds (process running for 1.706)
2025-09-25 20:48:49 [main] INFO  yellow.iblog.IBlogApplication-系统已经启动，访问地址http://127.0.0.1:8080
2025-09-25 20:48:49 [RMI TCP Connection(1)-127.0.0.1] INFO  com.zaxxer.hikari.HikariDataSource-HikariPool-1 - Starting...
2025-09-25 20:48:49 [RMI TCP Connection(3)-127.0.0.1] INFO  o.a.c.core.ContainerBase.[Tomcat].[localhost].[/]-Initializing Spring DispatcherServlet 'dispatcherServlet'
2025-09-25 20:48:49 [RMI TCP Connection(3)-127.0.0.1] INFO  org.springframework.web.servlet.DispatcherServlet-Initializing Servlet 'dispatcherServlet'
2025-09-25 20:48:49 [RMI TCP Connection(3)-127.0.0.1] INFO  org.springframework.web.servlet.DispatcherServlet-Completed initialization in 1 ms
2025-09-25 20:48:49 [RMI TCP Connection(1)-127.0.0.1] INFO  com.zaxxer.hikari.pool.HikariPool-HikariPool-1 - Added connection com.mysql.cj.jdbc.ConnectionImpl@36f5aafd
2025-09-25 20:48:49 [RMI TCP Connection(1)-127.0.0.1] INFO  com.zaxxer.hikari.HikariDataSource-HikariPool-1 - Start completed.
2025-09-25 20:52:25 [SpringApplicationShutdownHook] INFO  o.s.boot.web.embedded.tomcat.GracefulShutdown-Commencing graceful shutdown. Waiting for active requests to complete
2025-09-25 20:52:27 [tomcat-shutdown] INFO  o.s.boot.web.embedded.tomcat.GracefulShutdown-Graceful shutdown complete
2025-09-25 20:52:27 [SpringApplicationShutdownHook] INFO  com.zaxxer.hikari.HikariDataSource-HikariPool-1 - Shutdown initiated...
2025-09-25 20:52:27 [SpringApplicationShutdownHook] INFO  com.zaxxer.hikari.HikariDataSource-HikariPool-1 - Shutdown completed.
2025-09-25 20:52:55 [main] INFO  yellow.iblog.IBlogApplication-Starting IBlogApplication using Java 21.0.7 with PID 61040 (/Users/emily/JavaProjects/iBlog/target/classes started by emily in /Users/emily/JavaProjects/iBlog)
2025-09-25 20:52:55 [main] INFO  yellow.iblog.IBlogApplication-No active profile set, falling back to 1 default profile: "default"
2025-09-25 20:52:56 [main] INFO  o.s.d.r.config.RepositoryConfigurationDelegate-Multiple Spring Data modules found, entering strict repository configuration mode
2025-09-25 20:52:56 [main] INFO  o.s.d.r.config.RepositoryConfigurationDelegate-Bootstrapping Spring Data Redis repositories in DEFAULT mode.
2025-09-25 20:52:56 [main] INFO  o.s.d.r.config.RepositoryConfigurationDelegate-Finished Spring Data repository scanning in 5 ms. Found 0 Redis repository interfaces.
2025-09-25 20:52:56 [main] INFO  o.s.boot.web.embedded.tomcat.TomcatWebServer-Tomcat initialized with port 8080 (http)
2025-09-25 20:52:56 [main] INFO  org.apache.coyote.http11.Http11NioProtocol-Initializing ProtocolHandler ["http-nio-8080"]
2025-09-25 20:52:56 [main] INFO  org.apache.catalina.core.StandardService-Starting service [Tomcat]
2025-09-25 20:52:56 [main] INFO  org.apache.catalina.core.StandardEngine-Starting Servlet engine: [Apache Tomcat/10.1.44]
2025-09-25 20:52:56 [main] INFO  o.a.c.core.ContainerBase.[Tomcat].[localhost].[/]-Initializing Spring embedded WebApplicationContext
2025-09-25 20:52:56 [main] INFO  o.s.b.w.s.c.ServletWebServerApplicationContext-Root WebApplicationContext: initialization completed in 572 ms
2025-09-25 20:52:56 [main] INFO  yellow.iblog.config.PageConfig-分页插件已加载
2025-09-25 20:52:56 [main] WARN  o.s.b.w.s.c.AnnotationConfigServletWebServerApplicationContext-Exception encountered during context initialization - cancelling refresh attempt: org.springframework.beans.factory.BeanCreationException: Error creating bean with name 'filterChain' defined in class path resource [yellow/iblog/config/SecurityAndJwtConfig.class]: Failed to instantiate [org.springframework.security.web.SecurityFilterChain]: Factory method 'filterChain' threw exception with message: Error creating bean with name 'mvcHandlerMappingIntrospector' defined in class path resource [org/springframework/boot/autoconfigure/web/servlet/WebMvcAutoConfiguration$EnableWebMvcConfiguration.class]: Error creating bean with name 'requestMappingHandlerMapping' defined in class path resource [org/springframework/boot/autoconfigure/web/servlet/WebMvcAutoConfiguration$EnableWebMvcConfiguration.class]: Ambiguous mapping. Cannot map 'tagC' method 
yellow.iblog.Controller.TagC#CreateTag(String)
to {POST [/tags]}: There is already 'tagC' bean method
yellow.iblog.Controller.TagC#AddTagsToArticle(TagRequest) mapped.
2025-09-25 20:52:56 [main] INFO  org.apache.catalina.core.StandardService-Stopping service [Tomcat]
2025-09-25 20:52:56 [main] INFO  o.s.b.a.logging.ConditionEvaluationReportLogger-

Error starting ApplicationContext. To display the condition evaluation report re-run your application with 'debug' enabled.
2025-09-25 20:52:56 [main] ERROR org.springframework.boot.SpringApplication-Application run failed
org.springframework.beans.factory.BeanCreationException: Error creating bean with name 'filterChain' defined in class path resource [yellow/iblog/config/SecurityAndJwtConfig.class]: Failed to instantiate [org.springframework.security.web.SecurityFilterChain]: Factory method 'filterChain' threw exception with message: Error creating bean with name 'mvcHandlerMappingIntrospector' defined in class path resource [org/springframework/boot/autoconfigure/web/servlet/WebMvcAutoConfiguration$EnableWebMvcConfiguration.class]: Error creating bean with name 'requestMappingHandlerMapping' defined in class path resource [org/springframework/boot/autoconfigure/web/servlet/WebMvcAutoConfiguration$EnableWebMvcConfiguration.class]: Ambiguous mapping. Cannot map 'tagC' method 
yellow.iblog.Controller.TagC#CreateTag(String)
to {POST [/tags]}: There is already 'tagC' bean method
yellow.iblog.Controller.TagC#AddTagsToArticle(TagRequest) mapped.
	at org.springframework.beans.factory.support.ConstructorResolver.instantiate(ConstructorResolver.java:657)
	at org.springframework.beans.factory.support.ConstructorResolver.instantiateUsingFactoryMethod(ConstructorResolver.java:645)
	at org.springframework.beans.factory.support.AbstractAutowireCapableBeanFactory.instantiateUsingFactoryMethod(AbstractAutowireCapableBeanFactory.java:1375)
	at org.springframework.beans.factory.support.AbstractAutowireCapableBeanFactory.createBeanInstance(AbstractAutowireCapableBeanFactory.java:1205)
	at org.springframework.beans.factory.support.AbstractAutowireCapableBeanFactory.doCreateBean(AbstractAutowireCapableBeanFactory.java:569)
	at org.springframework.beans.factory.support.AbstractAutowireCapableBeanFactory.createBean(AbstractAutowireCapableBeanFactory.java:529)
	at org.springframework.beans.factory.support.AbstractBeanFactory.lambda$doGetBean$0(AbstractBeanFactory.java:339)
	at org.springframework.beans.factory.support.DefaultSingletonBeanRegistry.getSingleton(DefaultSingletonBeanRegistry.java:373)
	at org.springframework.beans.factory.support.AbstractBeanFactory.doGetBean(AbstractBeanFactory.java:337)
	at org.springframework.beans.factory.support.AbstractBeanFactory.getBean(AbstractBeanFactory.java:202)
	at org.springframework.beans.factory.support.DefaultListableBeanFactory.instantiateSingleton(DefaultListableBeanFactory.java:1222)
	at org.springframework.beans.factory.support.DefaultListableBeanFactory.preInstantiateSingleton(DefaultListableBeanFactory.java:1188)
	at org.springframework.beans.factory.support.DefaultListableBeanFactory.preInstantiateSingletons(DefaultListableBeanFactory.java:1123)
	at org.springframework.context.support.AbstractApplicationContext.finishBeanFactoryInitialization(AbstractApplicationContext.java:987)
	at org.springframework.context.support.AbstractApplicationContext.refresh(AbstractApplicationContext.java:627)
	at org.springframework.boot.web.servlet.context.ServletWebServerApplicationContext.refresh(ServletWebServerApplicationContext.java:146)
	at org.springframework.boot.SpringApplication.refresh(SpringApplication.java:752)
	at org.springframework.boot.SpringApplication.refreshContext(SpringApplication.java:439)
	at org.springframework.boot.SpringApplication.run(SpringApplication.java:318)
	at org.springframework.boot.SpringApplication.run(SpringApplication.java:1361)
	at org.springframework.boot.SpringApplication.run(SpringApplication.java:1350)
	at yellow.iblog.IBlogApplication.main(IBlogApplication.java:24)
Caused by: org.springframework.beans.BeanInstantiationException: Failed to instantiate [org.springframework.security.web.SecurityFilterChain]: Factory method 'filterChain' threw exception with message: Error creating bean with name 'mvcHandlerMappingIntrospector' defined in class path resource [org/springframework/boot/autoconfigure/web/servlet/WebMvcAutoConfiguration$EnableWebMvcConfiguration.class]: Error creating bean with name 'requestMappingHandlerMapping' defined in class path resource [org/springframework/boot/autoconfigure/web/servlet/WebMvcAutoConfiguration$EnableWebMvcConfiguration.class]: Ambiguous mapping. Cannot map 'tagC' method 
yellow.iblog.Controller.TagC#CreateTag(String)
to {POST [/tags]}: There is already 'tagC' bean method
yellow.iblog.Controller.TagC#AddTagsToArticle(TagRequest) mapped.
	at org.springframework.beans.factory.support.SimpleInstantiationStrategy.lambda$instantiate$0(SimpleInstantiationStrategy.java:200)
	at org.springframework.beans.factory.support.SimpleInstantiationStrategy.instantiateWithFactoryMethod(SimpleInstantiationStrategy.java:89)
	at org.springframework.beans.factory.support.SimpleInstantiationStrategy.instantiate(SimpleInstantiationStrategy.java:169)
	at org.springframework.beans.factory.support.ConstructorResolver.instantiate(ConstructorResolver.java:653)
	... 21 common frames omitted
Caused by: org.springframework.beans.factory.BeanCreationException: Error creating bean with name 'mvcHandlerMappingIntrospector' defined in class path resource [org/springframework/boot/autoconfigure/web/servlet/WebMvcAutoConfiguration$EnableWebMvcConfiguration.class]: Error creating bean with name 'requestMappingHandlerMapping' defined in class path resource [org/springframework/boot/autoconfigure/web/servlet/WebMvcAutoConfiguration$EnableWebMvcConfiguration.class]: Ambiguous mapping. Cannot map 'tagC' method 
yellow.iblog.Controller.TagC#CreateTag(String)
to {POST [/tags]}: There is already 'tagC' bean method
yellow.iblog.Controller.TagC#AddTagsToArticle(TagRequest) mapped.
	at org.springframework.beans.factory.support.AbstractAutowireCapableBeanFactory.initializeBean(AbstractAutowireCapableBeanFactory.java:1826)
	at org.springframework.beans.factory.support.AbstractAutowireCapableBeanFactory.doCreateBean(AbstractAutowireCapableBeanFactory.java:607)
	at org.springframework.beans.factory.support.AbstractAutowireCapableBeanFactory.createBean(AbstractAutowireCapableBeanFactory.java:529)
	at org.springframework.beans.factory.support.AbstractBeanFactory.lambda$doGetBean$0(AbstractBeanFactory.java:339)
	at org.springframework.beans.factory.support.DefaultSingletonBeanRegistry.getSingleton(DefaultSingletonBeanRegistry.java:373)
	at org.springframework.beans.factory.support.AbstractBeanFactory.doGetBean(AbstractBeanFactory.java:337)
	at org.springframework.beans.factory.support.AbstractBeanFactory.getBean(AbstractBeanFactory.java:207)
	at org.springframework.context.support.AbstractApplicationContext.getBean(AbstractApplicationContext.java:1278)
	at org.springframework.security.config.annotation.web.AbstractRequestMatcherRegistry.createMvcMatchers(AbstractRequestMatcherRegistry.java:126)
	at org.springframework.security.config.annotation.web.AbstractRequestMatcherRegistry.requestMatchers(AbstractRequestMatcherRegistry.java:226)
	at org.springframework.security.config.annotation.web.AbstractRequestMatcherRegistry.requestMatchers(AbstractRequestMatcherRegistry.java:304)
	at yellow.iblog.config.SecurityAndJwtConfig.lambda$filterChain$1(SecurityAndJwtConfig.java:28)
	at org.springframework.security.config.annotation.web.builders.HttpSecurity.authorizeHttpRequests(HttpSecurity.java:1491)
	at yellow.iblog.config.SecurityAndJwtConfig.filterChain(SecurityAndJwtConfig.java:27)
	at yellow.iblog.config.SecurityAndJwtConfig$$SpringCGLIB$$0.CGLIB$filterChain$1(<generated>)
	at yellow.iblog.config.SecurityAndJwtConfig$$SpringCGLIB$$FastClass$$1.invoke(<generated>)
	at org.springframework.cglib.proxy.MethodProxy.invokeSuper(MethodProxy.java:258)
	at org.springframework.context.annotation.ConfigurationClassEnhancer$BeanMethodInterceptor.intercept(ConfigurationClassEnhancer.java:400)
	at yellow.iblog.config.SecurityAndJwtConfig$$SpringCGLIB$$0.filterChain(<generated>)
	at java.base/jdk.internal.reflect.DirectMethodHandleAccessor.invoke(DirectMethodHandleAccessor.java:103)
	at java.base/java.lang.reflect.Method.invoke(Method.java:580)
	at org.springframework.beans.factory.support.SimpleInstantiationStrategy.lambda$instantiate$0(SimpleInstantiationStrategy.java:172)
	... 24 common frames omitted
Caused by: org.springframework.beans.factory.BeanCreationException: Error creating bean with name 'requestMappingHandlerMapping' defined in class path resource [org/springframework/boot/autoconfigure/web/servlet/WebMvcAutoConfiguration$EnableWebMvcConfiguration.class]: Ambiguous mapping. Cannot map 'tagC' method 
yellow.iblog.Controller.TagC#CreateTag(String)
to {POST [/tags]}: There is already 'tagC' bean method
yellow.iblog.Controller.TagC#AddTagsToArticle(TagRequest) mapped.
	at org.springframework.beans.factory.support.AbstractAutowireCapableBeanFactory.initializeBean(AbstractAutowireCapableBeanFactory.java:1826)
	at org.springframework.beans.factory.support.AbstractAutowireCapableBeanFactory.doCreateBean(AbstractAutowireCapableBeanFactory.java:607)
	at org.springframework.beans.factory.support.AbstractAutowireCapableBeanFactory.createBean(AbstractAutowireCapableBeanFactory.java:529)
	at org.springframework.beans.factory.support.AbstractBeanFactory.lambda$doGetBean$0(AbstractBeanFactory.java:339)
	at org.springframework.beans.factory.support.DefaultSingletonBeanRegistry.getSingleton(DefaultSingletonBeanRegistry.java:373)
	at org.springframework.beans.factory.support.AbstractBeanFactory.doGetBean(AbstractBeanFactory.java:337)
	at org.springframework.beans.factory.support.AbstractBeanFactory.getBean(AbstractBeanFactory.java:202)
	at org.springframework.beans.factory.support.DefaultListableBeanFactory.getBeansOfType(DefaultListableBeanFactory.java:747)
	at org.springframework.context.support.AbstractApplicationContext.getBeansOfType(AbstractApplicationContext.java:1426)
	at org.springframework.beans.factory.BeanFactoryUtils.beansOfTypeIncludingAncestors(BeanFactoryUtils.java:372)
	at org.springframework.web.servlet.handler.HandlerMappingIntrospector.initHandlerMappings(HandlerMappingIntrospector.java:159)
	at org.springframework.web.servlet.handler.HandlerMappingIntrospector.afterPropertiesSet(HandlerMappingIntrospector.java:146)
	at org.springframework.beans.factory.support.AbstractAutowireCapableBeanFactory.invokeInitMethods(AbstractAutowireCapableBeanFactory.java:1873)
	at org.springframework.beans.factory.support.AbstractAutowireCapableBeanFactory.initializeBean(AbstractAutowireCapableBeanFactory.java:1822)
	... 45 common frames omitted
Caused by: java.lang.IllegalStateException: Ambiguous mapping. Cannot map 'tagC' method 
yellow.iblog.Controller.TagC#CreateTag(String)
to {POST [/tags]}: There is already 'tagC' bean method
yellow.iblog.Controller.TagC#AddTagsToArticle(TagRequest) mapped.
	at org.springframework.web.servlet.handler.AbstractHandlerMethodMapping$MappingRegistry.validateMethodMapping(AbstractHandlerMethodMapping.java:676)
	at org.springframework.web.servlet.handler.AbstractHandlerMethodMapping$MappingRegistry.register(AbstractHandlerMethodMapping.java:637)
	at org.springframework.web.servlet.handler.AbstractHandlerMethodMapping.registerHandlerMethod(AbstractHandlerMethodMapping.java:331)
	at org.springframework.web.servlet.mvc.method.annotation.RequestMappingHandlerMapping.registerHandlerMethod(RequestMappingHandlerMapping.java:507)
	at org.springframework.web.servlet.mvc.method.annotation.RequestMappingHandlerMapping.registerHandlerMethod(RequestMappingHandlerMapping.java:84)
	at org.springframework.web.servlet.handler.AbstractHandlerMethodMapping.lambda$detectHandlerMethods$2(AbstractHandlerMethodMapping.java:298)
	at java.base/java.util.LinkedHashMap.forEach(LinkedHashMap.java:986)
	at org.springframework.web.servlet.handler.AbstractHandlerMethodMapping.detectHandlerMethods(AbstractHandlerMethodMapping.java:296)
	at org.springframework.web.servlet.handler.AbstractHandlerMethodMapping.processCandidateBean(AbstractHandlerMethodMapping.java:265)
	at org.springframework.web.servlet.handler.AbstractHandlerMethodMapping.initHandlerMethods(AbstractHandlerMethodMapping.java:224)
	at org.springframework.web.servlet.handler.AbstractHandlerMethodMapping.afterPropertiesSet(AbstractHandlerMethodMapping.java:212)
	at org.springframework.web.servlet.mvc.method.annotation.RequestMappingHandlerMapping.afterPropertiesSet(RequestMappingHandlerMapping.java:237)
	at org.springframework.beans.factory.support.AbstractAutowireCapableBeanFactory.invokeInitMethods(AbstractAutowireCapableBeanFactory.java:1873)
	at org.springframework.beans.factory.support.AbstractAutowireCapableBeanFactory.initializeBean(AbstractAutowireCapableBeanFactory.java:1822)
	... 58 common frames omitted
2025-09-25 20:55:19 [main] INFO  yellow.iblog.IBlogApplication-Starting IBlogApplication using Java 21.0.7 with PID 61064 (/Users/emily/JavaProjects/iBlog/target/classes started by emily in /Users/emily/JavaProjects/iBlog)
2025-09-25 20:55:19 [main] INFO  yellow.iblog.IBlogApplication-No active profile set, falling back to 1 default profile: "default"
2025-09-25 20:55:19 [main] INFO  o.s.d.r.config.RepositoryConfigurationDelegate-Multiple Spring Data modules found, entering strict repository configuration mode
2025-09-25 20:55:19 [main] INFO  o.s.d.r.config.RepositoryConfigurationDelegate-Bootstrapping Spring Data Redis repositories in DEFAULT mode.
2025-09-25 20:55:19 [main] INFO  o.s.d.r.config.RepositoryConfigurationDelegate-Finished Spring Data repository scanning in 5 ms. Found 0 Redis repository interfaces.
2025-09-25 20:55:19 [main] INFO  o.s.boot.web.embedded.tomcat.TomcatWebServer-Tomcat initialized with port 8080 (http)
2025-09-25 20:55:19 [main] INFO  org.apache.coyote.http11.Http11NioProtocol-Initializing ProtocolHandler ["http-nio-8080"]
2025-09-25 20:55:19 [main] INFO  org.apache.catalina.core.StandardService-Starting service [Tomcat]
2025-09-25 20:55:19 [main] INFO  org.apache.catalina.core.StandardEngine-Starting Servlet engine: [Apache Tomcat/10.1.44]
2025-09-25 20:55:19 [main] INFO  o.a.c.core.ContainerBase.[Tomcat].[localhost].[/]-Initializing Spring embedded WebApplicationContext
2025-09-25 20:55:19 [main] INFO  o.s.b.w.s.c.ServletWebServerApplicationContext-Root WebApplicationContext: initialization completed in 572 ms
2025-09-25 20:55:19 [main] INFO  yellow.iblog.config.PageConfig-分页插件已加载
2025-09-25 20:55:20 [main] INFO  o.s.b.actuate.endpoint.web.EndpointLinksResolver-Exposing 1 endpoint beneath base path '/actuator'
2025-09-25 20:55:20 [main] INFO  org.apache.coyote.http11.Http11NioProtocol-Starting ProtocolHandler ["http-nio-8080"]
2025-09-25 20:55:20 [main] INFO  o.s.boot.web.embedded.tomcat.TomcatWebServer-Tomcat started on port 8080 (http) with context path '/'
2025-09-25 20:55:20 [main] INFO  yellow.iblog.IBlogApplication-Started IBlogApplication in 1.496 seconds (process running for 1.688)
2025-09-25 20:55:20 [main] INFO  yellow.iblog.IBlogApplication-系统已经启动，访问地址http://127.0.0.1:8080
2025-09-25 20:55:20 [RMI TCP Connection(2)-127.0.0.1] INFO  com.zaxxer.hikari.HikariDataSource-HikariPool-1 - Starting...
2025-09-25 20:55:20 [RMI TCP Connection(4)-127.0.0.1] INFO  o.a.c.core.ContainerBase.[Tomcat].[localhost].[/]-Initializing Spring DispatcherServlet 'dispatcherServlet'
2025-09-25 20:55:20 [RMI TCP Connection(4)-127.0.0.1] INFO  org.springframework.web.servlet.DispatcherServlet-Initializing Servlet 'dispatcherServlet'
2025-09-25 20:55:20 [RMI TCP Connection(4)-127.0.0.1] INFO  org.springframework.web.servlet.DispatcherServlet-Completed initialization in 1 ms
2025-09-25 20:55:21 [RMI TCP Connection(2)-127.0.0.1] INFO  com.zaxxer.hikari.pool.HikariPool-HikariPool-1 - Added connection com.mysql.cj.jdbc.ConnectionImpl@498f1911
2025-09-25 20:55:21 [RMI TCP Connection(2)-127.0.0.1] INFO  com.zaxxer.hikari.HikariDataSource-HikariPool-1 - Start completed.
2025-09-25 20:55:47 [http-nio-8080-exec-2] WARN  yellow.iblog.service.TARServiceImpl-标签不存在，无法绑定: hello
2025-09-25 20:55:47 [http-nio-8080-exec-2] WARN  yellow.iblog.service.TARServiceImpl-标签不存在，无法绑定: 桃黑黑
2025-09-25 20:55:47 [http-nio-8080-exec-2] WARN  yellow.iblog.service.TARServiceImpl-标签不存在，无法绑定: heihei
2025-09-25 20:57:11 [http-nio-8080-exec-3] INFO  yellow.iblog.service.TagServiceImpl-创建了 tag: 桃黑黑
2025-09-25 20:57:52 [http-nio-8080-exec-5] INFO  yellow.iblog.service.TagServiceImpl-创建了 tag: 9599
2025-09-25 20:58:12 [http-nio-8080-exec-6] INFO  yellow.iblog.service.TARServiceImpl-文章 17 添加标签 9599
2025-09-25 20:58:12 [http-nio-8080-exec-6] ERROR yellow.iblog.service.TARServiceImpl-文章 17 添加标签 9599 失败
2025-09-25 20:58:12 [http-nio-8080-exec-6] ERROR yellow.iblog.exception.GlobalExceptionHandler-数据库完整性约束异常：重复插入:
### Error updating database.  Cause: java.sql.SQLIntegrityConstraintViolationException: Duplicate entry '17' for key 'tag_article_relations.uq_tid_aid'
### The error may exist in yellow/iblog/mapper/TARelationsMapper.java (best guess)
### The error may involve yellow.iblog.mapper.TARelationsMapper.insert-Inline
### The error occurred while setting parameters
### SQL: INSERT INTO tag_article_relations  ( tag_name, aid )  VALUES (  ?, ?  )
### Cause: java.sql.SQLIntegrityConstraintViolationException: Duplicate entry '17' for key 'tag_article_relations.uq_tid_aid'
; Duplicate entry '17' for key 'tag_article_relations.uq_tid_aid'
2025-09-25 21:00:12 [SpringApplicationShutdownHook] INFO  o.s.boot.web.embedded.tomcat.GracefulShutdown-Commencing graceful shutdown. Waiting for active requests to complete
2025-09-25 21:00:14 [tomcat-shutdown] INFO  o.s.boot.web.embedded.tomcat.GracefulShutdown-Graceful shutdown complete
2025-09-25 21:00:14 [SpringApplicationShutdownHook] INFO  com.zaxxer.hikari.HikariDataSource-HikariPool-1 - Shutdown initiated...
2025-09-25 21:00:14 [SpringApplicationShutdownHook] INFO  com.zaxxer.hikari.HikariDataSource-HikariPool-1 - Shutdown completed.
2025-09-25 21:00:45 [main] INFO  yellow.iblog.IBlogApplication-Starting IBlogApplication using Java 21.0.7 with PID 61122 (/Users/emily/JavaProjects/iBlog/target/classes started by emily in /Users/emily/JavaProjects/iBlog)
2025-09-25 21:00:45 [main] INFO  yellow.iblog.IBlogApplication-No active profile set, falling back to 1 default profile: "default"
2025-09-25 21:00:45 [main] INFO  o.s.d.r.config.RepositoryConfigurationDelegate-Multiple Spring Data modules found, entering strict repository configuration mode
2025-09-25 21:00:45 [main] INFO  o.s.d.r.config.RepositoryConfigurationDelegate-Bootstrapping Spring Data Redis repositories in DEFAULT mode.
2025-09-25 21:00:45 [main] INFO  o.s.d.r.config.RepositoryConfigurationDelegate-Finished Spring Data repository scanning in 4 ms. Found 0 Redis repository interfaces.
2025-09-25 21:00:46 [main] INFO  o.s.boot.web.embedded.tomcat.TomcatWebServer-Tomcat initialized with port 8080 (http)
2025-09-25 21:00:46 [main] INFO  org.apache.coyote.http11.Http11NioProtocol-Initializing ProtocolHandler ["http-nio-8080"]
2025-09-25 21:00:46 [main] INFO  org.apache.catalina.core.StandardService-Starting service [Tomcat]
2025-09-25 21:00:46 [main] INFO  org.apache.catalina.core.StandardEngine-Starting Servlet engine: [Apache Tomcat/10.1.44]
2025-09-25 21:00:46 [main] INFO  o.a.c.core.ContainerBase.[Tomcat].[localhost].[/]-Initializing Spring embedded WebApplicationContext
2025-09-25 21:00:46 [main] INFO  o.s.b.w.s.c.ServletWebServerApplicationContext-Root WebApplicationContext: initialization completed in 569 ms
2025-09-25 21:00:46 [main] INFO  yellow.iblog.config.PageConfig-分页插件已加载
2025-09-25 21:00:46 [main] INFO  o.s.b.actuate.endpoint.web.EndpointLinksResolver-Exposing 1 endpoint beneath base path '/actuator'
2025-09-25 21:00:46 [main] INFO  org.apache.coyote.http11.Http11NioProtocol-Starting ProtocolHandler ["http-nio-8080"]
2025-09-25 21:00:46 [main] INFO  o.s.boot.web.embedded.tomcat.TomcatWebServer-Tomcat started on port 8080 (http) with context path '/'
2025-09-25 21:00:46 [main] INFO  yellow.iblog.IBlogApplication-Started IBlogApplication in 1.476 seconds (process running for 1.667)
2025-09-25 21:00:46 [main] INFO  yellow.iblog.IBlogApplication-系统已经启动，访问地址http://127.0.0.1:8080
2025-09-25 21:00:47 [RMI TCP Connection(2)-127.0.0.1] INFO  com.zaxxer.hikari.HikariDataSource-HikariPool-1 - Starting...
2025-09-25 21:00:47 [RMI TCP Connection(1)-127.0.0.1] INFO  o.a.c.core.ContainerBase.[Tomcat].[localhost].[/]-Initializing Spring DispatcherServlet 'dispatcherServlet'
2025-09-25 21:00:47 [RMI TCP Connection(1)-127.0.0.1] INFO  org.springframework.web.servlet.DispatcherServlet-Initializing Servlet 'dispatcherServlet'
2025-09-25 21:00:47 [RMI TCP Connection(1)-127.0.0.1] INFO  org.springframework.web.servlet.DispatcherServlet-Completed initialization in 1 ms
2025-09-25 21:00:47 [RMI TCP Connection(2)-127.0.0.1] INFO  com.zaxxer.hikari.pool.HikariPool-HikariPool-1 - Added connection com.mysql.cj.jdbc.ConnectionImpl@7aab9fb
2025-09-25 21:00:47 [RMI TCP Connection(2)-127.0.0.1] INFO  com.zaxxer.hikari.HikariDataSource-HikariPool-1 - Start completed.
2025-09-25 21:00:51 [http-nio-8080-exec-2] INFO  yellow.iblog.service.TARServiceImpl-文章 17 已经绑定过标签 9599
2025-09-25 21:00:51 [http-nio-8080-exec-2] INFO  yellow.iblog.service.TARServiceImpl-文章 17 添加标签 桃黑黑
2025-09-25 21:00:51 [http-nio-8080-exec-2] ERROR yellow.iblog.service.TARServiceImpl-文章 17 添加标签 桃黑黑 失败
2025-09-25 21:00:51 [http-nio-8080-exec-2] INFO  yellow.iblog.service.TARServiceImpl-文章 17 添加标签 thh
2025-09-25 21:00:51 [http-nio-8080-exec-2] ERROR yellow.iblog.service.TARServiceImpl-文章 17 添加标签 thh 失败
2025-09-25 21:02:20 [SpringApplicationShutdownHook] INFO  o.s.boot.web.embedded.tomcat.GracefulShutdown-Commencing graceful shutdown. Waiting for active requests to complete
2025-09-25 21:02:22 [tomcat-shutdown] INFO  o.s.boot.web.embedded.tomcat.GracefulShutdown-Graceful shutdown complete
2025-09-25 21:02:22 [SpringApplicationShutdownHook] INFO  com.zaxxer.hikari.HikariDataSource-HikariPool-1 - Shutdown initiated...
2025-09-25 21:02:22 [SpringApplicationShutdownHook] INFO  com.zaxxer.hikari.HikariDataSource-HikariPool-1 - Shutdown completed.
2025-09-25 21:02:35 [main] INFO  yellow.iblog.IBlogApplication-Starting IBlogApplication using Java 21.0.7 with PID 61148 (/Users/emily/JavaProjects/iBlog/target/classes started by emily in /Users/emily/JavaProjects/iBlog)
2025-09-25 21:02:35 [main] INFO  yellow.iblog.IBlogApplication-No active profile set, falling back to 1 default profile: "default"
2025-09-25 21:02:35 [main] INFO  o.s.d.r.config.RepositoryConfigurationDelegate-Multiple Spring Data modules found, entering strict repository configuration mode
2025-09-25 21:02:35 [main] INFO  o.s.d.r.config.RepositoryConfigurationDelegate-Bootstrapping Spring Data Redis repositories in DEFAULT mode.
2025-09-25 21:02:35 [main] INFO  o.s.d.r.config.RepositoryConfigurationDelegate-Finished Spring Data repository scanning in 4 ms. Found 0 Redis repository interfaces.
2025-09-25 21:02:36 [main] INFO  o.s.boot.web.embedded.tomcat.TomcatWebServer-Tomcat initialized with port 8080 (http)
2025-09-25 21:02:36 [main] INFO  org.apache.coyote.http11.Http11NioProtocol-Initializing ProtocolHandler ["http-nio-8080"]
2025-09-25 21:02:36 [main] INFO  org.apache.catalina.core.StandardService-Starting service [Tomcat]
2025-09-25 21:02:36 [main] INFO  org.apache.catalina.core.StandardEngine-Starting Servlet engine: [Apache Tomcat/10.1.44]
2025-09-25 21:02:36 [main] INFO  o.a.c.core.ContainerBase.[Tomcat].[localhost].[/]-Initializing Spring embedded WebApplicationContext
2025-09-25 21:02:36 [main] INFO  o.s.b.w.s.c.ServletWebServerApplicationContext-Root WebApplicationContext: initialization completed in 553 ms
2025-09-25 21:02:36 [main] INFO  yellow.iblog.config.PageConfig-分页插件已加载
2025-09-25 21:02:36 [main] INFO  o.s.b.actuate.endpoint.web.EndpointLinksResolver-Exposing 1 endpoint beneath base path '/actuator'
2025-09-25 21:02:36 [main] INFO  org.apache.coyote.http11.Http11NioProtocol-Starting ProtocolHandler ["http-nio-8080"]
2025-09-25 21:02:36 [main] INFO  o.s.boot.web.embedded.tomcat.TomcatWebServer-Tomcat started on port 8080 (http) with context path '/'
2025-09-25 21:02:36 [main] INFO  yellow.iblog.IBlogApplication-Started IBlogApplication in 1.478 seconds (process running for 1.665)
2025-09-25 21:02:36 [main] INFO  yellow.iblog.IBlogApplication-系统已经启动，访问地址http://127.0.0.1:8080
2025-09-25 21:02:37 [RMI TCP Connection(4)-127.0.0.1] INFO  o.a.c.core.ContainerBase.[Tomcat].[localhost].[/]-Initializing Spring DispatcherServlet 'dispatcherServlet'
2025-09-25 21:02:37 [RMI TCP Connection(1)-127.0.0.1] INFO  com.zaxxer.hikari.HikariDataSource-HikariPool-1 - Starting...
2025-09-25 21:02:37 [RMI TCP Connection(4)-127.0.0.1] INFO  org.springframework.web.servlet.DispatcherServlet-Initializing Servlet 'dispatcherServlet'
2025-09-25 21:02:37 [RMI TCP Connection(4)-127.0.0.1] INFO  org.springframework.web.servlet.DispatcherServlet-Completed initialization in 0 ms
2025-09-25 21:02:37 [RMI TCP Connection(1)-127.0.0.1] INFO  com.zaxxer.hikari.pool.HikariPool-HikariPool-1 - Added connection com.mysql.cj.jdbc.ConnectionImpl@708c4604
2025-09-25 21:02:37 [RMI TCP Connection(1)-127.0.0.1] INFO  com.zaxxer.hikari.HikariDataSource-HikariPool-1 - Start completed.
2025-09-25 21:02:42 [SpringApplicationShutdownHook] INFO  o.s.boot.web.embedded.tomcat.GracefulShutdown-Commencing graceful shutdown. Waiting for active requests to complete
2025-09-25 21:02:44 [tomcat-shutdown] INFO  o.s.boot.web.embedded.tomcat.GracefulShutdown-Graceful shutdown complete
2025-09-25 21:02:44 [SpringApplicationShutdownHook] INFO  com.zaxxer.hikari.HikariDataSource-HikariPool-1 - Shutdown initiated...
2025-09-25 21:02:44 [SpringApplicationShutdownHook] INFO  com.zaxxer.hikari.HikariDataSource-HikariPool-1 - Shutdown completed.
2025-09-25 21:03:11 [main] INFO  yellow.iblog.IBlogApplication-Starting IBlogApplication using Java 21.0.7 with PID 61157 (/Users/emily/JavaProjects/iBlog/target/classes started by emily in /Users/emily/JavaProjects/iBlog)
2025-09-25 21:03:11 [main] INFO  yellow.iblog.IBlogApplication-No active profile set, falling back to 1 default profile: "default"
2025-09-25 21:03:11 [main] INFO  o.s.d.r.config.RepositoryConfigurationDelegate-Multiple Spring Data modules found, entering strict repository configuration mode
2025-09-25 21:03:11 [main] INFO  o.s.d.r.config.RepositoryConfigurationDelegate-Bootstrapping Spring Data Redis repositories in DEFAULT mode.
2025-09-25 21:03:11 [main] INFO  o.s.d.r.config.RepositoryConfigurationDelegate-Finished Spring Data repository scanning in 4 ms. Found 0 Redis repository interfaces.
2025-09-25 21:03:11 [main] INFO  o.s.boot.web.embedded.tomcat.TomcatWebServer-Tomcat initialized with port 8080 (http)
2025-09-25 21:03:11 [main] INFO  org.apache.coyote.http11.Http11NioProtocol-Initializing ProtocolHandler ["http-nio-8080"]
2025-09-25 21:03:11 [main] INFO  org.apache.catalina.core.StandardService-Starting service [Tomcat]
2025-09-25 21:03:11 [main] INFO  org.apache.catalina.core.StandardEngine-Starting Servlet engine: [Apache Tomcat/10.1.44]
2025-09-25 21:03:11 [main] INFO  o.a.c.core.ContainerBase.[Tomcat].[localhost].[/]-Initializing Spring embedded WebApplicationContext
2025-09-25 21:03:11 [main] INFO  o.s.b.w.s.c.ServletWebServerApplicationContext-Root WebApplicationContext: initialization completed in 531 ms
2025-09-25 21:03:11 [main] INFO  yellow.iblog.config.PageConfig-分页插件已加载
2025-09-25 21:03:12 [main] INFO  o.s.b.actuate.endpoint.web.EndpointLinksResolver-Exposing 1 endpoint beneath base path '/actuator'
2025-09-25 21:03:12 [main] INFO  org.apache.coyote.http11.Http11NioProtocol-Starting ProtocolHandler ["http-nio-8080"]
2025-09-25 21:03:12 [main] INFO  o.s.boot.web.embedded.tomcat.TomcatWebServer-Tomcat started on port 8080 (http) with context path '/'
2025-09-25 21:03:12 [main] INFO  yellow.iblog.IBlogApplication-Started IBlogApplication in 1.445 seconds (process running for 1.633)
2025-09-25 21:03:12 [main] INFO  yellow.iblog.IBlogApplication-系统已经启动，访问地址http://127.0.0.1:8080
2025-09-25 21:03:12 [RMI TCP Connection(1)-127.0.0.1] INFO  com.zaxxer.hikari.HikariDataSource-HikariPool-1 - Starting...
2025-09-25 21:03:12 [RMI TCP Connection(2)-127.0.0.1] INFO  o.a.c.core.ContainerBase.[Tomcat].[localhost].[/]-Initializing Spring DispatcherServlet 'dispatcherServlet'
2025-09-25 21:03:12 [RMI TCP Connection(2)-127.0.0.1] INFO  org.springframework.web.servlet.DispatcherServlet-Initializing Servlet 'dispatcherServlet'
2025-09-25 21:03:12 [RMI TCP Connection(2)-127.0.0.1] INFO  org.springframework.web.servlet.DispatcherServlet-Completed initialization in 0 ms
2025-09-25 21:03:12 [RMI TCP Connection(1)-127.0.0.1] INFO  com.zaxxer.hikari.pool.HikariPool-HikariPool-1 - Added connection com.mysql.cj.jdbc.ConnectionImpl@1bec2a48
2025-09-25 21:03:12 [RMI TCP Connection(1)-127.0.0.1] INFO  com.zaxxer.hikari.HikariDataSource-HikariPool-1 - Start completed.
2025-09-25 21:03:16 [http-nio-8080-exec-2] INFO  yellow.iblog.service.TARServiceImpl-文章 17 添加标签 9599
2025-09-25 21:03:16 [http-nio-8080-exec-2] INFO  yellow.iblog.service.TARServiceImpl-文章 17 添加标签 桃黑黑
2025-09-25 21:03:16 [http-nio-8080-exec-2] INFO  yellow.iblog.service.TARServiceImpl-文章 17 添加标签 thh
2025-09-25 21:05:20 [http-nio-8080-exec-5] ERROR yellow.iblog.exception.GlobalExceptionHandler-资源路径不存在No static resource tags/aticle.
2025-09-25 21:25:58 [HikariPool-1:housekeeper] WARN  com.zaxxer.hikari.pool.HikariPool-HikariPool-1 - Thread starvation or clock leap detected (housekeeper delta=19m45s680ms).
2025-09-25 21:28:53 [http-nio-8080-exec-8] INFO  yellow.iblog.service.TARServiceImpl-文章 17 移除了标签 桃黑黑
2025-09-25 21:29:24 [SpringApplicationShutdownHook] INFO  o.s.boot.web.embedded.tomcat.GracefulShutdown-Commencing graceful shutdown. Waiting for active requests to complete
2025-09-25 21:29:26 [tomcat-shutdown] INFO  o.s.boot.web.embedded.tomcat.GracefulShutdown-Graceful shutdown complete
2025-09-25 21:29:26 [SpringApplicationShutdownHook] INFO  com.zaxxer.hikari.HikariDataSource-HikariPool-1 - Shutdown initiated...
2025-09-25 21:29:26 [SpringApplicationShutdownHook] INFO  com.zaxxer.hikari.HikariDataSource-HikariPool-1 - Shutdown completed.
