2025-10-26 20:22:05 [main] INFO  yellow.iblog.RedisTest-Starting RedisTest using Java 21.0.7 with PID 15135 (started by emily in /Users/emily/JavaProjects/iBlog)
2025-10-26 20:22:05 [main] INFO  yellow.iblog.RedisTest-No active profile set, falling back to 1 default profile: "default"
2025-10-26 20:22:05 [main] INFO  o.s.d.r.config.RepositoryConfigurationDelegate-Multiple Spring Data modules found, entering strict repository configuration mode
2025-10-26 20:22:05 [main] INFO  o.s.d.r.config.RepositoryConfigurationDelegate-Bootstrapping Spring Data Redis repositories in DEFAULT mode.
2025-10-26 20:22:05 [main] INFO  o.s.d.r.config.RepositoryConfigurationDelegate-Finished Spring Data repository scanning in 5 ms. Found 0 Redis repository interfaces.
2025-10-26 20:22:05 [main] INFO  yellow.iblog.config.PageConfig-分页插件已加载
2025-10-26 20:22:06 [main] INFO  o.s.b.actuate.endpoint.web.EndpointLinksResolver-Exposing 1 endpoint beneath base path '/actuator'
2025-10-26 20:22:06 [main] INFO  yellow.iblog.RedisTest-Started RedisTest in 1.438 seconds (process running for 1.789)
2025-10-26 20:22:06 [main] INFO  o.s.t.c.support.AnnotationConfigContextLoaderUtils-Could not detect default configuration classes for test class [yellow.iblog.CommentServiceImplTest]: CommentServiceImplTest does not declare any static, non-private, non-final, nested classes annotated with @Configuration.
2025-10-26 20:22:06 [main] INFO  o.s.b.t.context.SpringBootTestContextBootstrapper-Found @SpringBootConfiguration yellow.iblog.IBlogApplication for test class yellow.iblog.CommentServiceImplTest
2025-10-26 20:22:06 [main] INFO  com.zaxxer.hikari.HikariDataSource-HikariPool-1 - Starting...
2025-10-26 20:22:07 [main] INFO  com.zaxxer.hikari.pool.HikariPool-HikariPool-1 - Added connection com.mysql.cj.jdbc.ConnectionImpl@7f59f4e4
2025-10-26 20:22:07 [main] INFO  com.zaxxer.hikari.HikariDataSource-HikariPool-1 - Start completed.
2025-10-26 20:22:07 [main] INFO  o.s.t.c.support.AnnotationConfigContextLoaderUtils-Could not detect default configuration classes for test class [yellow.iblog.UserTests]: UserTests does not declare any static, non-private, non-final, nested classes annotated with @Configuration.
2025-10-26 20:22:07 [main] INFO  o.s.b.t.context.SpringBootTestContextBootstrapper-Found @SpringBootConfiguration yellow.iblog.IBlogApplication for test class yellow.iblog.UserTests
2025-10-26 20:22:07 [main] INFO  yellow.iblog.UserTests-开始创建用户
2025-10-26 20:22:07 [main] WARN  yellow.iblog.service.UserServiceImpl-用户1967172287496998913不存在
2025-10-26 20:22:07 [main] INFO  o.s.t.c.support.AnnotationConfigContextLoaderUtils-Could not detect default configuration classes for test class [yellow.iblog.ArticleTests]: ArticleTests does not declare any static, non-private, non-final, nested classes annotated with @Configuration.
2025-10-26 20:22:07 [main] INFO  o.s.b.t.context.SpringBootTestContextBootstrapper-Found @SpringBootConfiguration yellow.iblog.IBlogApplication for test class yellow.iblog.ArticleTests
2025-10-26 20:22:07 [main] WARN  yellow.iblog.service.RedisService-缓存未命中
2025-10-26 20:22:07 [main] WARN  yellow.iblog.service.ArticleServiceImpl-缓存未命中或第一次查询
2025-10-26 20:22:07 [main] WARN  yellow.iblog.service.ArticleServiceImpl-尝试查询不存在的文章,aid:7
2025-10-26 20:22:07 [SpringApplicationShutdownHook] INFO  com.zaxxer.hikari.HikariDataSource-HikariPool-1 - Shutdown initiated...
2025-10-26 20:22:07 [SpringApplicationShutdownHook] INFO  com.zaxxer.hikari.HikariDataSource-HikariPool-1 - Shutdown completed.
2025-10-26 20:23:11 [main] INFO  yellow.iblog.RedisTest-Starting RedisTest using Java 21.0.7 with PID 15207 (started by emily in /Users/emily/JavaProjects/iBlog)
2025-10-26 20:23:11 [main] INFO  yellow.iblog.RedisTest-No active profile set, falling back to 1 default profile: "default"
2025-10-26 20:23:11 [main] INFO  o.s.d.r.config.RepositoryConfigurationDelegate-Multiple Spring Data modules found, entering strict repository configuration mode
2025-10-26 20:23:11 [main] INFO  o.s.d.r.config.RepositoryConfigurationDelegate-Bootstrapping Spring Data Redis repositories in DEFAULT mode.
2025-10-26 20:23:11 [main] INFO  o.s.d.r.config.RepositoryConfigurationDelegate-Finished Spring Data repository scanning in 5 ms. Found 0 Redis repository interfaces.
2025-10-26 20:23:11 [main] INFO  yellow.iblog.config.PageConfig-分页插件已加载
2025-10-26 20:23:12 [main] INFO  o.s.b.actuate.endpoint.web.EndpointLinksResolver-Exposing 1 endpoint beneath base path '/actuator'
2025-10-26 20:23:12 [main] INFO  yellow.iblog.RedisTest-Started RedisTest in 1.438 seconds (process running for 1.761)
2025-10-26 20:23:12 [main] INFO  o.s.t.c.support.AnnotationConfigContextLoaderUtils-Could not detect default configuration classes for test class [yellow.iblog.CommentServiceImplTest]: CommentServiceImplTest does not declare any static, non-private, non-final, nested classes annotated with @Configuration.
2025-10-26 20:23:12 [main] INFO  o.s.b.t.context.SpringBootTestContextBootstrapper-Found @SpringBootConfiguration yellow.iblog.IBlogApplication for test class yellow.iblog.CommentServiceImplTest
2025-10-26 20:23:12 [main] INFO  com.zaxxer.hikari.HikariDataSource-HikariPool-1 - Starting...
2025-10-26 20:23:13 [main] INFO  com.zaxxer.hikari.pool.HikariPool-HikariPool-1 - Added connection com.mysql.cj.jdbc.ConnectionImpl@1f13eabb
2025-10-26 20:23:13 [main] INFO  com.zaxxer.hikari.HikariDataSource-HikariPool-1 - Start completed.
2025-10-26 20:23:13 [main] INFO  o.s.t.c.support.AnnotationConfigContextLoaderUtils-Could not detect default configuration classes for test class [yellow.iblog.UserTests]: UserTests does not declare any static, non-private, non-final, nested classes annotated with @Configuration.
2025-10-26 20:23:13 [main] INFO  o.s.b.t.context.SpringBootTestContextBootstrapper-Found @SpringBootConfiguration yellow.iblog.IBlogApplication for test class yellow.iblog.UserTests
2025-10-26 20:23:13 [main] INFO  yellow.iblog.UserTests-开始创建用户
2025-10-26 20:23:13 [main] INFO  yellow.iblog.UserTests-创建了用户User(uid=1982422765726093314, userName=emily000, gender=f, age=16, password=$2a$10$uNJzfLjtQvibyNbr4FiD8On.taJetoziYzr04o93LMHFujzXfWbDy, role=ROLE_USER, createdAt=2025-10-26T20:23:13.641301, updatedAt=2025-10-26T20:23:13.641346)
2025-10-26 20:23:13 [main] WARN  yellow.iblog.service.UserServiceImpl-用户1967172287496998913不存在
2025-10-26 20:23:13 [main] INFO  o.s.t.c.support.AnnotationConfigContextLoaderUtils-Could not detect default configuration classes for test class [yellow.iblog.ArticleTests]: ArticleTests does not declare any static, non-private, non-final, nested classes annotated with @Configuration.
2025-10-26 20:23:13 [main] INFO  o.s.b.t.context.SpringBootTestContextBootstrapper-Found @SpringBootConfiguration yellow.iblog.IBlogApplication for test class yellow.iblog.ArticleTests
2025-10-26 20:23:13 [main] WARN  yellow.iblog.service.RedisService-缓存未命中
2025-10-26 20:23:13 [main] WARN  yellow.iblog.service.ArticleServiceImpl-缓存未命中或第一次查询
2025-10-26 20:23:13 [main] WARN  yellow.iblog.service.ArticleServiceImpl-尝试查询不存在的文章,aid:7
2025-10-26 20:23:13 [SpringApplicationShutdownHook] INFO  com.zaxxer.hikari.HikariDataSource-HikariPool-1 - Shutdown initiated...
2025-10-26 20:23:13 [SpringApplicationShutdownHook] INFO  com.zaxxer.hikari.HikariDataSource-HikariPool-1 - Shutdown completed.
2025-10-26 20:24:26 [main] INFO  yellow.iblog.RedisTest-Starting RedisTest using Java 21.0.7 with PID 15275 (started by emily in /Users/emily/JavaProjects/iBlog)
2025-10-26 20:24:26 [main] INFO  yellow.iblog.RedisTest-No active profile set, falling back to 1 default profile: "default"
2025-10-26 20:24:27 [main] INFO  o.s.d.r.config.RepositoryConfigurationDelegate-Multiple Spring Data modules found, entering strict repository configuration mode
2025-10-26 20:24:27 [main] INFO  o.s.d.r.config.RepositoryConfigurationDelegate-Bootstrapping Spring Data Redis repositories in DEFAULT mode.
2025-10-26 20:24:27 [main] INFO  o.s.d.r.config.RepositoryConfigurationDelegate-Finished Spring Data repository scanning in 6 ms. Found 0 Redis repository interfaces.
2025-10-26 20:24:27 [main] INFO  yellow.iblog.config.PageConfig-分页插件已加载
2025-10-26 20:24:27 [main] INFO  o.s.b.actuate.endpoint.web.EndpointLinksResolver-Exposing 1 endpoint beneath base path '/actuator'
2025-10-26 20:24:27 [main] INFO  yellow.iblog.RedisTest-Started RedisTest in 1.434 seconds (process running for 1.823)
2025-10-26 20:24:28 [main] INFO  o.s.t.c.support.AnnotationConfigContextLoaderUtils-Could not detect default configuration classes for test class [yellow.iblog.CommentServiceImplTest]: CommentServiceImplTest does not declare any static, non-private, non-final, nested classes annotated with @Configuration.
2025-10-26 20:24:28 [main] INFO  o.s.b.t.context.SpringBootTestContextBootstrapper-Found @SpringBootConfiguration yellow.iblog.IBlogApplication for test class yellow.iblog.CommentServiceImplTest
2025-10-26 20:24:28 [main] INFO  com.zaxxer.hikari.HikariDataSource-HikariPool-1 - Starting...
2025-10-26 20:24:28 [main] INFO  com.zaxxer.hikari.pool.HikariPool-HikariPool-1 - Added connection com.mysql.cj.jdbc.ConnectionImpl@51751265
2025-10-26 20:24:28 [main] INFO  com.zaxxer.hikari.HikariDataSource-HikariPool-1 - Start completed.
2025-10-26 20:24:28 [main] INFO  o.s.t.c.support.AnnotationConfigContextLoaderUtils-Could not detect default configuration classes for test class [yellow.iblog.UserTests]: UserTests does not declare any static, non-private, non-final, nested classes annotated with @Configuration.
2025-10-26 20:24:29 [main] INFO  o.s.b.t.context.SpringBootTestContextBootstrapper-Found @SpringBootConfiguration yellow.iblog.IBlogApplication for test class yellow.iblog.UserTests
2025-10-26 20:24:29 [main] INFO  yellow.iblog.UserTests-开始创建用户
2025-10-26 20:24:29 [main] WARN  yellow.iblog.service.UserServiceImpl-用户1967172287496998913不存在
2025-10-26 20:24:29 [main] INFO  o.s.t.c.support.AnnotationConfigContextLoaderUtils-Could not detect default configuration classes for test class [yellow.iblog.ArticleTests]: ArticleTests does not declare any static, non-private, non-final, nested classes annotated with @Configuration.
2025-10-26 20:24:29 [main] INFO  o.s.b.t.context.SpringBootTestContextBootstrapper-Found @SpringBootConfiguration yellow.iblog.IBlogApplication for test class yellow.iblog.ArticleTests
2025-10-26 20:24:29 [main] WARN  yellow.iblog.service.RedisService-缓存未命中
2025-10-26 20:24:29 [main] WARN  yellow.iblog.service.ArticleServiceImpl-缓存未命中或第一次查询
2025-10-26 20:24:29 [main] WARN  yellow.iblog.service.ArticleServiceImpl-尝试查询不存在的文章,aid:7
2025-10-26 20:24:29 [SpringApplicationShutdownHook] INFO  com.zaxxer.hikari.HikariDataSource-HikariPool-1 - Shutdown initiated...
2025-10-26 20:24:29 [SpringApplicationShutdownHook] INFO  com.zaxxer.hikari.HikariDataSource-HikariPool-1 - Shutdown completed.
2025-10-26 20:25:42 [main] INFO  yellow.iblog.RedisTest-Starting RedisTest using Java 21.0.7 with PID 15317 (started by emily in /Users/emily/JavaProjects/iBlog)
2025-10-26 20:25:42 [main] INFO  yellow.iblog.RedisTest-No active profile set, falling back to 1 default profile: "default"
2025-10-26 20:25:42 [main] INFO  o.s.d.r.config.RepositoryConfigurationDelegate-Multiple Spring Data modules found, entering strict repository configuration mode
2025-10-26 20:25:42 [main] INFO  o.s.d.r.config.RepositoryConfigurationDelegate-Bootstrapping Spring Data Redis repositories in DEFAULT mode.
2025-10-26 20:25:42 [main] INFO  o.s.d.r.config.RepositoryConfigurationDelegate-Finished Spring Data repository scanning in 5 ms. Found 0 Redis repository interfaces.
2025-10-26 20:25:42 [main] INFO  yellow.iblog.config.PageConfig-分页插件已加载
2025-10-26 20:25:43 [main] INFO  o.s.b.actuate.endpoint.web.EndpointLinksResolver-Exposing 1 endpoint beneath base path '/actuator'
2025-10-26 20:25:43 [main] INFO  yellow.iblog.RedisTest-Started RedisTest in 1.453 seconds (process running for 1.787)
2025-10-26 20:25:43 [main] INFO  o.s.t.c.support.AnnotationConfigContextLoaderUtils-Could not detect default configuration classes for test class [yellow.iblog.CommentServiceImplTest]: CommentServiceImplTest does not declare any static, non-private, non-final, nested classes annotated with @Configuration.
2025-10-26 20:25:43 [main] INFO  o.s.b.t.context.SpringBootTestContextBootstrapper-Found @SpringBootConfiguration yellow.iblog.IBlogApplication for test class yellow.iblog.CommentServiceImplTest
2025-10-26 20:25:43 [main] INFO  com.zaxxer.hikari.HikariDataSource-HikariPool-1 - Starting...
2025-10-26 20:25:44 [main] INFO  com.zaxxer.hikari.pool.HikariPool-HikariPool-1 - Added connection com.mysql.cj.jdbc.ConnectionImpl@781ecbac
2025-10-26 20:25:44 [main] INFO  com.zaxxer.hikari.HikariDataSource-HikariPool-1 - Start completed.
2025-10-26 20:25:44 [main] INFO  o.s.t.c.support.AnnotationConfigContextLoaderUtils-Could not detect default configuration classes for test class [yellow.iblog.UserTests]: UserTests does not declare any static, non-private, non-final, nested classes annotated with @Configuration.
2025-10-26 20:25:44 [main] INFO  o.s.b.t.context.SpringBootTestContextBootstrapper-Found @SpringBootConfiguration yellow.iblog.IBlogApplication for test class yellow.iblog.UserTests
2025-10-26 20:25:44 [main] INFO  yellow.iblog.UserTests-开始创建用户
2025-10-26 20:25:44 [main] WARN  yellow.iblog.service.UserServiceImpl-用户1967172287496998913不存在
2025-10-26 20:25:44 [main] INFO  o.s.t.c.support.AnnotationConfigContextLoaderUtils-Could not detect default configuration classes for test class [yellow.iblog.ArticleTests]: ArticleTests does not declare any static, non-private, non-final, nested classes annotated with @Configuration.
2025-10-26 20:25:44 [main] INFO  o.s.b.t.context.SpringBootTestContextBootstrapper-Found @SpringBootConfiguration yellow.iblog.IBlogApplication for test class yellow.iblog.ArticleTests
2025-10-26 20:25:44 [main] WARN  yellow.iblog.service.RedisService-缓存未命中
2025-10-26 20:25:44 [main] WARN  yellow.iblog.service.ArticleServiceImpl-缓存未命中或第一次查询
2025-10-26 20:25:44 [main] WARN  yellow.iblog.service.ArticleServiceImpl-尝试查询不存在的文章,aid:7
2025-10-26 20:25:44 [SpringApplicationShutdownHook] INFO  com.zaxxer.hikari.HikariDataSource-HikariPool-1 - Shutdown initiated...
2025-10-26 20:25:44 [SpringApplicationShutdownHook] INFO  com.zaxxer.hikari.HikariDataSource-HikariPool-1 - Shutdown completed.
2025-10-26 20:28:40 [main] INFO  yellow.iblog.RedisTest-Starting RedisTest using Java 21.0.7 with PID 15370 (started by emily in /Users/emily/JavaProjects/iBlog)
2025-10-26 20:28:40 [main] INFO  yellow.iblog.RedisTest-No active profile set, falling back to 1 default profile: "default"
2025-10-26 20:28:40 [main] INFO  o.s.d.r.config.RepositoryConfigurationDelegate-Multiple Spring Data modules found, entering strict repository configuration mode
2025-10-26 20:28:40 [main] INFO  o.s.d.r.config.RepositoryConfigurationDelegate-Bootstrapping Spring Data Redis repositories in DEFAULT mode.
2025-10-26 20:28:40 [main] INFO  o.s.d.r.config.RepositoryConfigurationDelegate-Finished Spring Data repository scanning in 5 ms. Found 0 Redis repository interfaces.
2025-10-26 20:28:40 [main] INFO  yellow.iblog.config.PageConfig-分页插件已加载
2025-10-26 20:28:41 [main] INFO  o.s.b.actuate.endpoint.web.EndpointLinksResolver-Exposing 1 endpoint beneath base path '/actuator'
2025-10-26 20:28:41 [main] INFO  yellow.iblog.RedisTest-Started RedisTest in 1.41 seconds (process running for 1.753)
2025-10-26 20:28:41 [main] INFO  o.s.t.c.support.AnnotationConfigContextLoaderUtils-Could not detect default configuration classes for test class [yellow.iblog.CommentServiceImplTest]: CommentServiceImplTest does not declare any static, non-private, non-final, nested classes annotated with @Configuration.
2025-10-26 20:28:41 [main] INFO  o.s.b.t.context.SpringBootTestContextBootstrapper-Found @SpringBootConfiguration yellow.iblog.IBlogApplication for test class yellow.iblog.CommentServiceImplTest
2025-10-26 20:28:41 [main] INFO  com.zaxxer.hikari.HikariDataSource-HikariPool-1 - Starting...
2025-10-26 20:28:41 [main] INFO  com.zaxxer.hikari.pool.HikariPool-HikariPool-1 - Added connection com.mysql.cj.jdbc.ConnectionImpl@3204146d
2025-10-26 20:28:41 [main] INFO  com.zaxxer.hikari.HikariDataSource-HikariPool-1 - Start completed.
2025-10-26 20:28:42 [main] INFO  o.s.t.c.support.AnnotationConfigContextLoaderUtils-Could not detect default configuration classes for test class [yellow.iblog.UserTests]: UserTests does not declare any static, non-private, non-final, nested classes annotated with @Configuration.
2025-10-26 20:28:42 [main] INFO  o.s.b.t.context.SpringBootTestContextBootstrapper-Found @SpringBootConfiguration yellow.iblog.IBlogApplication for test class yellow.iblog.UserTests
2025-10-26 20:28:42 [main] INFO  yellow.iblog.UserTests-开始创建用户
2025-10-26 20:28:42 [main] WARN  yellow.iblog.service.UserServiceImpl-用户1967172287496998913不存在
2025-10-26 20:28:42 [main] INFO  o.s.t.c.support.AnnotationConfigContextLoaderUtils-Could not detect default configuration classes for test class [yellow.iblog.ArticleTests]: ArticleTests does not declare any static, non-private, non-final, nested classes annotated with @Configuration.
2025-10-26 20:28:42 [main] INFO  o.s.b.t.context.SpringBootTestContextBootstrapper-Found @SpringBootConfiguration yellow.iblog.IBlogApplication for test class yellow.iblog.ArticleTests
2025-10-26 20:28:42 [main] WARN  yellow.iblog.service.RedisService-缓存未命中
2025-10-26 20:28:42 [main] WARN  yellow.iblog.service.ArticleServiceImpl-缓存未命中或第一次查询
2025-10-26 20:28:42 [main] WARN  yellow.iblog.service.ArticleServiceImpl-尝试查询不存在的文章,aid:7
2025-10-26 20:28:42 [SpringApplicationShutdownHook] INFO  com.zaxxer.hikari.HikariDataSource-HikariPool-1 - Shutdown initiated...
2025-10-26 20:28:42 [SpringApplicationShutdownHook] INFO  com.zaxxer.hikari.HikariDataSource-HikariPool-1 - Shutdown completed.
