2025-11-28 00:31:42 [HikariPool-1:housekeeper] WARN  com.zaxxer.hikari.pool.HikariPool-HikariPool-1 - Thread starvation or clock leap detected (housekeeper delta=37m31s64ms).
2025-11-28 01:36:28 [HikariPool-1:housekeeper] WARN  com.zaxxer.hikari.pool.HikariPool-HikariPool-1 - Thread starvation or clock leap detected (housekeeper delta=1h4m45s349ms).
2025-11-28 03:20:41 [HikariPool-1:housekeeper] WARN  com.zaxxer.hikari.pool.HikariPool-HikariPool-1 - Thread starvation or clock leap detected (housekeeper delta=1h44m13s641ms).
2025-11-28 04:27:46 [HikariPool-1:housekeeper] WARN  com.zaxxer.hikari.pool.HikariPool-HikariPool-1 - Thread starvation or clock leap detected (housekeeper delta=1h7m5s8ms).
2025-11-28 06:03:06 [HikariPool-1:housekeeper] WARN  com.zaxxer.hikari.pool.HikariPool-HikariPool-1 - Thread starvation or clock leap detected (housekeeper delta=1h35m19s880ms).
2025-11-28 07:10:49 [HikariPool-1:housekeeper] WARN  com.zaxxer.hikari.pool.HikariPool-HikariPool-1 - Thread starvation or clock leap detected (housekeeper delta=1h7m43s196ms).
2025-11-28 08:20:47 [HikariPool-1:housekeeper] WARN  com.zaxxer.hikari.pool.HikariPool-HikariPool-1 - Thread starvation or clock leap detected (housekeeper delta=1h9m58s123ms).
2025-11-28 09:31:52 [HikariPool-1:housekeeper] WARN  com.zaxxer.hikari.pool.HikariPool-HikariPool-1 - Thread starvation or clock leap detected (housekeeper delta=1h11m4s78ms).
2025-11-28 10:50:50 [HikariPool-1:housekeeper] WARN  com.zaxxer.hikari.pool.HikariPool-HikariPool-1 - Thread starvation or clock leap detected (housekeeper delta=1h18m58s800ms).
2025-11-28 10:54:14 [HikariPool-1:housekeeper] WARN  com.zaxxer.hikari.pool.HikariPool-HikariPool-1 - Thread starvation or clock leap detected (housekeeper delta=3m24s76ms).
2025-11-28 11:29:31 [HikariPool-1:housekeeper] WARN  com.zaxxer.hikari.pool.PoolBase-HikariPool-1 - Failed to validate connection com.mysql.cj.jdbc.ConnectionImpl@56bed56f (No operations allowed after connection closed.). Possibly consider using a shorter maxLifetime value.
2025-11-28 11:29:31 [HikariPool-1:housekeeper] WARN  com.zaxxer.hikari.pool.PoolBase-HikariPool-1 - Failed to validate connection com.mysql.cj.jdbc.ConnectionImpl@711361ec (No operations allowed after connection closed.). Possibly consider using a shorter maxLifetime value.
2025-11-28 11:29:43 [HikariPool-1:housekeeper] WARN  com.zaxxer.hikari.pool.HikariPool-HikariPool-1 - Retrograde clock change detected (housekeeper delta=27s876ms), soft-evicting connections from pool.
2025-11-28 11:48:13 [HikariPool-1:housekeeper] WARN  com.zaxxer.hikari.pool.PoolBase-HikariPool-1 - Failed to validate connection com.mysql.cj.jdbc.ConnectionImpl@1fb4c0b6 (No operations allowed after connection closed.). Possibly consider using a shorter maxLifetime value.
2025-11-28 11:48:17 [HikariPool-1:housekeeper] WARN  com.zaxxer.hikari.pool.PoolBase-HikariPool-1 - Failed to validate connection com.mysql.cj.jdbc.ConnectionImpl@450f7732 (No operations allowed after connection closed.). Possibly consider using a shorter maxLifetime value.
2025-11-28 11:48:32 [HikariPool-1:housekeeper] WARN  com.zaxxer.hikari.pool.PoolBase-HikariPool-1 - Failed to validate connection com.mysql.cj.jdbc.ConnectionImpl@75e4c8be (No operations allowed after connection closed.). Possibly consider using a shorter maxLifetime value.
2025-11-28 11:48:49 [HikariPool-1:housekeeper] WARN  com.zaxxer.hikari.pool.PoolBase-HikariPool-1 - Failed to validate connection com.mysql.cj.jdbc.ConnectionImpl@500ee586 (No operations allowed after connection closed.). Possibly consider using a shorter maxLifetime value.
2025-11-28 11:48:56 [HikariPool-1:housekeeper] WARN  com.zaxxer.hikari.pool.PoolBase-HikariPool-1 - Failed to validate connection com.mysql.cj.jdbc.ConnectionImpl@3df43a14 (No operations allowed after connection closed.). Possibly consider using a shorter maxLifetime value.
2025-11-28 11:48:58 [HikariPool-1:housekeeper] WARN  com.zaxxer.hikari.pool.PoolBase-HikariPool-1 - Failed to validate connection com.mysql.cj.jdbc.ConnectionImpl@368fbd2b (No operations allowed after connection closed.). Possibly consider using a shorter maxLifetime value.
2025-11-28 11:49:18 [HikariPool-1:housekeeper] WARN  com.zaxxer.hikari.pool.PoolBase-HikariPool-1 - Failed to validate connection com.mysql.cj.jdbc.ConnectionImpl@6da07186 (No operations allowed after connection closed.). Possibly consider using a shorter maxLifetime value.
2025-11-28 11:49:25 [HikariPool-1:housekeeper] WARN  com.zaxxer.hikari.pool.PoolBase-HikariPool-1 - Failed to validate connection com.mysql.cj.jdbc.ConnectionImpl@321394d6 (No operations allowed after connection closed.). Possibly consider using a shorter maxLifetime value.
2025-11-28 11:49:36 [HikariPool-1:housekeeper] WARN  com.zaxxer.hikari.pool.PoolBase-HikariPool-1 - Failed to validate connection com.mysql.cj.jdbc.ConnectionImpl@17fc63aa (No operations allowed after connection closed.). Possibly consider using a shorter maxLifetime value.
2025-11-28 11:49:38 [HikariPool-1:housekeeper] WARN  com.zaxxer.hikari.pool.PoolBase-HikariPool-1 - Failed to validate connection com.mysql.cj.jdbc.ConnectionImpl@e5d4b21 (No operations allowed after connection closed.). Possibly consider using a shorter maxLifetime value.
2025-11-28 12:00:10 [HikariPool-1:housekeeper] WARN  com.zaxxer.hikari.pool.HikariPool-HikariPool-1 - Retrograde clock change detected (housekeeper delta=27s632ms), soft-evicting connections from pool.
2025-11-28 12:12:19 [HikariPool-1:housekeeper] WARN  com.zaxxer.hikari.pool.HikariPool-HikariPool-1 - Thread starvation or clock leap detected (housekeeper delta=1m8s283ms).
2025-11-28 12:37:30 [HikariPool-1:housekeeper] WARN  com.zaxxer.hikari.pool.PoolBase-HikariPool-1 - Failed to validate connection com.mysql.cj.jdbc.ConnectionImpl@3f98d73e (No operations allowed after connection closed.). Possibly consider using a shorter maxLifetime value.
2025-11-28 12:37:35 [HikariPool-1:housekeeper] WARN  com.zaxxer.hikari.pool.PoolBase-HikariPool-1 - Failed to validate connection com.mysql.cj.jdbc.ConnectionImpl@6ffbcbe7 (No operations allowed after connection closed.). Possibly consider using a shorter maxLifetime value.
2025-11-28 12:37:42 [HikariPool-1:housekeeper] WARN  com.zaxxer.hikari.pool.PoolBase-HikariPool-1 - Failed to validate connection com.mysql.cj.jdbc.ConnectionImpl@3013c240 (No operations allowed after connection closed.). Possibly consider using a shorter maxLifetime value.
2025-11-28 12:37:44 [HikariPool-1:housekeeper] WARN  com.zaxxer.hikari.pool.HikariPool-HikariPool-1 - Thread starvation or clock leap detected (housekeeper delta=4m55s513ms).
2025-11-28 12:37:55 [HikariPool-1:housekeeper] WARN  com.zaxxer.hikari.pool.PoolBase-HikariPool-1 - Failed to validate connection com.mysql.cj.jdbc.ConnectionImpl@17a756c4 (No operations allowed after connection closed.). Possibly consider using a shorter maxLifetime value.
2025-11-28 12:38:10 [HikariPool-1:housekeeper] WARN  com.zaxxer.hikari.pool.PoolBase-HikariPool-1 - Failed to validate connection com.mysql.cj.jdbc.ConnectionImpl@89dc460 (No operations allowed after connection closed.). Possibly consider using a shorter maxLifetime value.
2025-11-28 12:38:12 [HikariPool-1:housekeeper] WARN  com.zaxxer.hikari.pool.PoolBase-HikariPool-1 - Failed to validate connection com.mysql.cj.jdbc.ConnectionImpl@32ef727a (No operations allowed after connection closed.). Possibly consider using a shorter maxLifetime value.
2025-11-28 12:38:12 [HikariPool-1:housekeeper] WARN  com.zaxxer.hikari.pool.PoolBase-HikariPool-1 - Failed to validate connection com.mysql.cj.jdbc.ConnectionImpl@4727c20 (No operations allowed after connection closed.). Possibly consider using a shorter maxLifetime value.
2025-11-28 12:38:20 [HikariPool-1:housekeeper] WARN  com.zaxxer.hikari.pool.PoolBase-HikariPool-1 - Failed to validate connection com.mysql.cj.jdbc.ConnectionImpl@62aa160a (No operations allowed after connection closed.). Possibly consider using a shorter maxLifetime value.
2025-11-28 12:38:41 [HikariPool-1:housekeeper] WARN  com.zaxxer.hikari.pool.PoolBase-HikariPool-1 - Failed to validate connection com.mysql.cj.jdbc.ConnectionImpl@2c7a3c9a (No operations allowed after connection closed.). Possibly consider using a shorter maxLifetime value.
2025-11-28 12:39:13 [HikariPool-1:housekeeper] WARN  com.zaxxer.hikari.pool.PoolBase-HikariPool-1 - Failed to validate connection com.mysql.cj.jdbc.ConnectionImpl@9568d7a (No operations allowed after connection closed.). Possibly consider using a shorter maxLifetime value.
2025-11-28 14:30:54 [HikariPool-1:housekeeper] WARN  com.zaxxer.hikari.pool.HikariPool-HikariPool-1 - Thread starvation or clock leap detected (housekeeper delta=47m8s577ms).
2025-11-28 14:36:42 [HikariPool-1:housekeeper] WARN  com.zaxxer.hikari.pool.HikariPool-HikariPool-1 - Thread starvation or clock leap detected (housekeeper delta=1m18s410ms).
2025-11-28 14:53:57 [HikariPool-1:housekeeper] WARN  com.zaxxer.hikari.pool.HikariPool-HikariPool-1 - Thread starvation or clock leap detected (housekeeper delta=17m15s112ms).
2025-11-28 14:55:44 [HikariPool-1:housekeeper] WARN  com.zaxxer.hikari.pool.PoolBase-HikariPool-1 - Failed to validate connection com.mysql.cj.jdbc.ConnectionImpl@4b5538a8 (No operations allowed after connection closed.). Possibly consider using a shorter maxLifetime value.
2025-11-28 14:55:47 [HikariPool-1:housekeeper] WARN  com.zaxxer.hikari.pool.PoolBase-HikariPool-1 - Failed to validate connection com.mysql.cj.jdbc.ConnectionImpl@7c13ecf (No operations allowed after connection closed.). Possibly consider using a shorter maxLifetime value.
2025-11-28 14:56:14 [HikariPool-1:housekeeper] WARN  com.zaxxer.hikari.pool.PoolBase-HikariPool-1 - Failed to validate connection com.mysql.cj.jdbc.ConnectionImpl@75c424f9 (No operations allowed after connection closed.). Possibly consider using a shorter maxLifetime value.
2025-11-28 14:56:33 [HikariPool-1:housekeeper] WARN  com.zaxxer.hikari.pool.PoolBase-HikariPool-1 - Failed to validate connection com.mysql.cj.jdbc.ConnectionImpl@6ae263a4 (No operations allowed after connection closed.). Possibly consider using a shorter maxLifetime value.
2025-11-28 14:56:37 [HikariPool-1:housekeeper] WARN  com.zaxxer.hikari.pool.PoolBase-HikariPool-1 - Failed to validate connection com.mysql.cj.jdbc.ConnectionImpl@30ec1cff (No operations allowed after connection closed.). Possibly consider using a shorter maxLifetime value.
2025-11-28 14:56:44 [HikariPool-1:housekeeper] WARN  com.zaxxer.hikari.pool.PoolBase-HikariPool-1 - Failed to validate connection com.mysql.cj.jdbc.ConnectionImpl@116f6229 (No operations allowed after connection closed.). Possibly consider using a shorter maxLifetime value.
2025-11-28 14:56:47 [HikariPool-1:housekeeper] WARN  com.zaxxer.hikari.pool.PoolBase-HikariPool-1 - Failed to validate connection com.mysql.cj.jdbc.ConnectionImpl@54f5e618 (No operations allowed after connection closed.). Possibly consider using a shorter maxLifetime value.
2025-11-28 14:57:08 [HikariPool-1:housekeeper] WARN  com.zaxxer.hikari.pool.PoolBase-HikariPool-1 - Failed to validate connection com.mysql.cj.jdbc.ConnectionImpl@4ae039d (No operations allowed after connection closed.). Possibly consider using a shorter maxLifetime value.
2025-11-28 14:57:15 [HikariPool-1:housekeeper] WARN  com.zaxxer.hikari.pool.PoolBase-HikariPool-1 - Failed to validate connection com.mysql.cj.jdbc.ConnectionImpl@481290fb (No operations allowed after connection closed.). Possibly consider using a shorter maxLifetime value.
2025-11-28 14:57:27 [HikariPool-1:housekeeper] WARN  com.zaxxer.hikari.pool.PoolBase-HikariPool-1 - Failed to validate connection com.mysql.cj.jdbc.ConnectionImpl@47ea35d4 (No operations allowed after connection closed.). Possibly consider using a shorter maxLifetime value.
2025-11-28 14:57:27 [HikariPool-1:housekeeper] WARN  com.zaxxer.hikari.pool.PoolBase-HikariPool-1 - Failed to validate connection com.mysql.cj.jdbc.ConnectionImpl@279d62f4 (No operations allowed after connection closed.). Possibly consider using a shorter maxLifetime value.
2025-11-28 14:57:36 [HikariPool-1:housekeeper] WARN  com.zaxxer.hikari.pool.PoolBase-HikariPool-1 - Failed to validate connection com.mysql.cj.jdbc.ConnectionImpl@77b74e92 (No operations allowed after connection closed.). Possibly consider using a shorter maxLifetime value.
2025-11-28 16:16:27 [HikariPool-1:housekeeper] WARN  com.zaxxer.hikari.pool.HikariPool-HikariPool-1 - Thread starvation or clock leap detected (housekeeper delta=4m29s260ms).
2025-11-28 16:20:44 [HikariPool-1:housekeeper] WARN  com.zaxxer.hikari.pool.PoolBase-HikariPool-1 - Failed to validate connection com.mysql.cj.jdbc.ConnectionImpl@47cfda72 (No operations allowed after connection closed.). Possibly consider using a shorter maxLifetime value.
2025-11-28 16:20:47 [HikariPool-1:housekeeper] WARN  com.zaxxer.hikari.pool.PoolBase-HikariPool-1 - Failed to validate connection com.mysql.cj.jdbc.ConnectionImpl@a356714 (No operations allowed after connection closed.). Possibly consider using a shorter maxLifetime value.
2025-11-28 16:20:48 [HikariPool-1:housekeeper] WARN  com.zaxxer.hikari.pool.PoolBase-HikariPool-1 - Failed to validate connection com.mysql.cj.jdbc.ConnectionImpl@79ec11d2 (No operations allowed after connection closed.). Possibly consider using a shorter maxLifetime value.
2025-11-28 16:20:52 [HikariPool-1:housekeeper] WARN  com.zaxxer.hikari.pool.PoolBase-HikariPool-1 - Failed to validate connection com.mysql.cj.jdbc.ConnectionImpl@404948d7 (No operations allowed after connection closed.). Possibly consider using a shorter maxLifetime value.
2025-11-28 16:21:01 [HikariPool-1:housekeeper] WARN  com.zaxxer.hikari.pool.PoolBase-HikariPool-1 - Failed to validate connection com.mysql.cj.jdbc.ConnectionImpl@5ce06a (No operations allowed after connection closed.). Possibly consider using a shorter maxLifetime value.
2025-11-28 16:21:04 [HikariPool-1:housekeeper] WARN  com.zaxxer.hikari.pool.HikariPool-HikariPool-1 - Thread starvation or clock leap detected (housekeeper delta=4m37s288ms).
2025-11-28 16:21:13 [HikariPool-1:housekeeper] WARN  com.zaxxer.hikari.pool.PoolBase-HikariPool-1 - Failed to validate connection com.mysql.cj.jdbc.ConnectionImpl@380bcdcf (No operations allowed after connection closed.). Possibly consider using a shorter maxLifetime value.
2025-11-28 16:21:17 [HikariPool-1:housekeeper] WARN  com.zaxxer.hikari.pool.PoolBase-HikariPool-1 - Failed to validate connection com.mysql.cj.jdbc.ConnectionImpl@55b6cc62 (No operations allowed after connection closed.). Possibly consider using a shorter maxLifetime value.
2025-11-28 16:21:19 [HikariPool-1:housekeeper] WARN  com.zaxxer.hikari.pool.PoolBase-HikariPool-1 - Failed to validate connection com.mysql.cj.jdbc.ConnectionImpl@7533c9cc (No operations allowed after connection closed.). Possibly consider using a shorter maxLifetime value.
2025-11-28 16:21:54 [HikariPool-1:housekeeper] WARN  com.zaxxer.hikari.pool.PoolBase-HikariPool-1 - Failed to validate connection com.mysql.cj.jdbc.ConnectionImpl@5052c9e2 (No operations allowed after connection closed.). Possibly consider using a shorter maxLifetime value.
2025-11-28 16:27:36 [SpringApplicationShutdownHook] INFO  o.s.boot.web.embedded.tomcat.GracefulShutdown-Commencing graceful shutdown. Waiting for active requests to complete
2025-11-28 16:27:38 [tomcat-shutdown] INFO  o.s.boot.web.embedded.tomcat.GracefulShutdown-Graceful shutdown complete
2025-11-28 16:27:38 [SpringApplicationShutdownHook] INFO  com.zaxxer.hikari.HikariDataSource-HikariPool-1 - Shutdown initiated...
2025-11-28 16:27:38 [SpringApplicationShutdownHook] INFO  com.zaxxer.hikari.HikariDataSource-HikariPool-1 - Shutdown completed.
